<?xml version="1.0" encoding="UTF-8"?>
<testsuite xmlns:xsi="http://www.w3.org/2001/XMLSchema-instance" xsi:noNamespaceSchemaLocation="https://maven.apache.org/surefire/maven-surefire-plugin/xsd/surefire-test-report-3.0.xsd" version="3.0" name="TestRunner.Runner" time="76.003" tests="1" errors="0" skipped="0" failures="1">
  <properties>
[...]
</properties>
  <testcase name="runScenario[&quot;Successful Login with Valid Credentials&quot;, &quot;Coding Challenge&quot;](1)" classname="TestRunner.Runner" time="74.013">
    <failure message="no such window: target window already closed&#10;from unknown error: web view not found&#10;  (Session info: chrome=114.0.5735.199)&#10;Build info: version: &apos;4.9.0&apos;, revision: &apos;d7057100a6&apos;&#10;System info: os.name: &apos;Windows 10&apos;, os.arch: &apos;amd64&apos;, os.version: &apos;10.0&apos;, java.version: &apos;11.0.18&apos;&#10;Driver info: org.openqa.selenium.chrome.ChromeDriver&#10;Command: [c016d65bec9642c7a51801d4071ec3f3, findElement {using=id, value=idp-discovery-username}]&#10;Capabilities {acceptInsecureCerts: false, browserName: chrome, browserVersion: 114.0.5735.199, chrome: {chromedriverVersion: 114.0.5735.90 (386bc09e8f4f..., userDataDir: C:\Users\DELL~1.DES\AppData...}, goog:chromeOptions: {debuggerAddress: localhost:57532}, networkConnectionEnabled: false, pageLoadStrategy: normal, platformName: WINDOWS, proxy: Proxy(), se:cdp: ws://localhost:57532/devtoo..., se:cdpVersion: 114.0.5735.199, setWindowRect: true, strictFileInteractability: false, timeouts: {implicit: 0, pageLoad: 300000, script: 30000}, unhandledPromptBehavior: dismiss and notify, webauthn:extension:credBlob: true, webauthn:extension:largeBlob: true, webauthn:extension:minPinLength: true, webauthn:extension:prf: true, webauthn:virtualAuthenticators: true}&#10;Session ID: c016d65bec9642c7a51801d4071ec3f3" type="org.openqa.selenium.NoSuchWindowException"><![CDATA[org.openqa.selenium.NoSuchWindowException: 
no such window: target window already closed
from unknown error: web view not found
  (Session info: chrome=114.0.5735.199)
Build info: version: '4.9.0', revision: 'd7057100a6'
System info: os.name: 'Windows 10', os.arch: 'amd64', os.version: '10.0', java.version: '11.0.18'
Driver info: org.openqa.selenium.chrome.ChromeDriver
Command: [c016d65bec9642c7a51801d4071ec3f3, findElement {using=id, value=idp-discovery-username}]
Capabilities {acceptInsecureCerts: false, browserName: chrome, browserVersion: 114.0.5735.199, chrome: {chromedriverVersion: 114.0.5735.90 (386bc09e8f4f..., userDataDir: C:\Users\DELL~1.DES\AppData...}, goog:chromeOptions: {debuggerAddress: localhost:57532}, networkConnectionEnabled: false, pageLoadStrategy: normal, platformName: WINDOWS, proxy: Proxy(), se:cdp: ws://localhost:57532/devtoo..., se:cdpVersion: 114.0.5735.199, setWindowRect: true, strictFileInteractability: false, timeouts: {implicit: 0, pageLoad: 300000, script: 30000}, unhandledPromptBehavior: dismiss and notify, webauthn:extension:credBlob: true, webauthn:extension:largeBlob: true, webauthn:extension:minPinLength: true, webauthn:extension:prf: true, webauthn:virtualAuthenticators: true}
Session ID: c016d65bec9642c7a51801d4071ec3f3
	at java.base/jdk.internal.reflect.NativeConstructorAccessorImpl.newInstance0(Native Method)
	at java.base/jdk.internal.reflect.NativeConstructorAccessorImpl.newInstance(NativeConstructorAccessorImpl.java:62)
	at java.base/jdk.internal.reflect.DelegatingConstructorAccessorImpl.newInstance(DelegatingConstructorAccessorImpl.java:45)
	at java.base/java.lang.reflect.Constructor.newInstance(Constructor.java:490)
	at org.openqa.selenium.remote.codec.w3c.W3CHttpResponseCodec.createException(W3CHttpResponseCodec.java:200)
	at org.openqa.selenium.remote.codec.w3c.W3CHttpResponseCodec.decode(W3CHttpResponseCodec.java:133)
	at org.openqa.selenium.remote.codec.w3c.W3CHttpResponseCodec.decode(W3CHttpResponseCodec.java:53)
	at org.openqa.selenium.remote.HttpCommandExecutor.execute(HttpCommandExecutor.java:193)
	at org.openqa.selenium.remote.service.DriverCommandExecutor.invokeExecute(DriverCommandExecutor.java:183)
	at org.openqa.selenium.remote.service.DriverCommandExecutor.execute(DriverCommandExecutor.java:158)
	at org.openqa.selenium.remote.RemoteWebDriver.execute(RemoteWebDriver.java:543)
	at org.openqa.selenium.remote.ElementLocation$ElementFinder$2.findElement(ElementLocation.java:162)
	at org.openqa.selenium.remote.ElementLocation.findElement(ElementLocation.java:60)
	at org.openqa.selenium.remote.RemoteWebDriver.findElement(RemoteWebDriver.java:352)
	at org.openqa.selenium.remote.RemoteWebDriver.findElement(RemoteWebDriver.java:344)
	at org.openqa.selenium.support.pagefactory.DefaultElementLocator.findElement(DefaultElementLocator.java:70)
	at org.openqa.selenium.support.pagefactory.internal.LocatingElementHandler.invoke(LocatingElementHandler.java:39)
	at com.sun.proxy.$Proxy23.toString(Unknown Source)
	at java.base/java.lang.String.valueOf(String.java:2951)
	at java.base/java.lang.StringBuilder.append(StringBuilder.java:173)
	at org.openqa.selenium.support.ui.ExpectedConditions$10.toString(ExpectedConditions.java:298)
	at java.base/java.lang.String.valueOf(String.java:2951)
	at java.base/java.lang.StringBuilder.append(StringBuilder.java:173)
	at org.openqa.selenium.support.ui.FluentWait.until(FluentWait.java:229)
	at pageobject.Login.enterEmail(Login.java:59)
	at stepdefinition.StepDefinition.user_enters_email_as(StepDefinition.java:50)
	at ✽.User enters Email as "debug+sel11@zageno.com"(file:///C:/Users/dell.DESKTOP-8J46C5N/eclipse-workspace/TestZageno/src/test/java/Features/feature_1.feature:7)
]]></failure>
    <system-out><![CDATA[[DEBUG] Removing resolution chrome=114 from cache (expired on Fri Jul 14 18:48:38 IST 2023)
[DEBUG] ex-0000000001 preparing request execution
[DEBUG] ex-0000000001 target auth state: UNCHALLENGED
[DEBUG] ex-0000000001 proxy auth state: UNCHALLENGED
[DEBUG] ex-0000000001 acquiring connection with route {s}->https://raw.githubusercontent.com:443
[DEBUG] ex-0000000001 acquiring endpoint (3 MINUTES)
[DEBUG] ex-0000000001 endpoint lease request (3 MINUTES) [route: {s}->https://raw.githubusercontent.com:443][total available: 0; route allocated: 0 of 5; total allocated: 0 of 25]
[DEBUG] ex-0000000001 endpoint leased [route: {s}->https://raw.githubusercontent.com:443][total available: 0; route allocated: 1 of 5; total allocated: 1 of 25]
[DEBUG] ex-0000000001 acquired ep-0000000001
[DEBUG] ex-0000000001 acquired endpoint ep-0000000001
[DEBUG] ex-0000000001 opening connection {s}->https://raw.githubusercontent.com:443
[DEBUG] ep-0000000001 connecting endpoint (null)
[DEBUG] ep-0000000001 connecting endpoint to https://raw.githubusercontent.com:443 (30 SECONDS)
[DEBUG] raw.githubusercontent.com resolving remote address
[DEBUG] raw.githubusercontent.com resolved to [raw.githubusercontent.com/185.199.108.133, raw.githubusercontent.com/185.199.109.133, raw.githubusercontent.com/185.199.110.133, raw.githubusercontent.com/185.199.111.133, raw.githubusercontent.com/2606:50c0:8000:0:0:0:0:154, raw.githubusercontent.com/2606:50c0:8001:0:0:0:0:154, raw.githubusercontent.com/2606:50c0:8002:0:0:0:0:154, raw.githubusercontent.com/2606:50c0:8003:0:0:0:0:154]
[DEBUG] raw.githubusercontent.com:443 connecting null->raw.githubusercontent.com/185.199.108.133:443 (30 SECONDS)
[DEBUG] Connecting socket to raw.githubusercontent.com/185.199.108.133:443 with timeout 30 SECONDS
[DEBUG] Enabled protocols: [TLSv1.3, TLSv1.2]
[DEBUG] Enabled cipher suites: [TLS_AES_256_GCM_SHA384, TLS_AES_128_GCM_SHA256, TLS_CHACHA20_POLY1305_SHA256, TLS_ECDHE_ECDSA_WITH_AES_256_GCM_SHA384, TLS_ECDHE_ECDSA_WITH_AES_128_GCM_SHA256, TLS_ECDHE_ECDSA_WITH_CHACHA20_POLY1305_SHA256, TLS_ECDHE_RSA_WITH_AES_256_GCM_SHA384, TLS_ECDHE_RSA_WITH_CHACHA20_POLY1305_SHA256, TLS_ECDHE_RSA_WITH_AES_128_GCM_SHA256, TLS_DHE_RSA_WITH_AES_256_GCM_SHA384, TLS_DHE_RSA_WITH_CHACHA20_POLY1305_SHA256, TLS_DHE_DSS_WITH_AES_256_GCM_SHA384, TLS_DHE_RSA_WITH_AES_128_GCM_SHA256, TLS_DHE_DSS_WITH_AES_128_GCM_SHA256, TLS_ECDHE_ECDSA_WITH_AES_256_CBC_SHA384, TLS_ECDHE_RSA_WITH_AES_256_CBC_SHA384, TLS_ECDHE_ECDSA_WITH_AES_128_CBC_SHA256, TLS_ECDHE_RSA_WITH_AES_128_CBC_SHA256, TLS_DHE_RSA_WITH_AES_256_CBC_SHA256, TLS_DHE_DSS_WITH_AES_256_CBC_SHA256, TLS_DHE_RSA_WITH_AES_128_CBC_SHA256, TLS_DHE_DSS_WITH_AES_128_CBC_SHA256, TLS_ECDH_ECDSA_WITH_AES_256_GCM_SHA384, TLS_ECDH_RSA_WITH_AES_256_GCM_SHA384, TLS_ECDH_ECDSA_WITH_AES_128_GCM_SHA256, TLS_ECDH_RSA_WITH_AES_128_GCM_SHA256, TLS_ECDH_ECDSA_WITH_AES_256_CBC_SHA384, TLS_ECDH_RSA_WITH_AES_256_CBC_SHA384, TLS_ECDH_ECDSA_WITH_AES_128_CBC_SHA256, TLS_ECDH_RSA_WITH_AES_128_CBC_SHA256, TLS_ECDHE_ECDSA_WITH_AES_256_CBC_SHA, TLS_ECDHE_RSA_WITH_AES_256_CBC_SHA, TLS_ECDHE_ECDSA_WITH_AES_128_CBC_SHA, TLS_ECDHE_RSA_WITH_AES_128_CBC_SHA, TLS_DHE_RSA_WITH_AES_256_CBC_SHA, TLS_DHE_DSS_WITH_AES_256_CBC_SHA, TLS_DHE_RSA_WITH_AES_128_CBC_SHA, TLS_DHE_DSS_WITH_AES_128_CBC_SHA, TLS_ECDH_ECDSA_WITH_AES_256_CBC_SHA, TLS_ECDH_RSA_WITH_AES_256_CBC_SHA, TLS_ECDH_ECDSA_WITH_AES_128_CBC_SHA, TLS_ECDH_RSA_WITH_AES_128_CBC_SHA, TLS_RSA_WITH_AES_256_GCM_SHA384, TLS_RSA_WITH_AES_128_GCM_SHA256, TLS_RSA_WITH_AES_256_CBC_SHA256, TLS_RSA_WITH_AES_128_CBC_SHA256, TLS_RSA_WITH_AES_256_CBC_SHA, TLS_RSA_WITH_AES_128_CBC_SHA, TLS_EMPTY_RENEGOTIATION_INFO_SCSV]
[DEBUG] Starting handshake (null)
[DEBUG] Secure session established
[DEBUG]  negotiated protocol: TLSv1.3
[DEBUG]  negotiated cipher suite: TLS_AES_256_GCM_SHA384
[DEBUG]  peer principal: CN=*.github.io, O="GitHub, Inc.", L=San Francisco, ST=California, C=US
[DEBUG]  peer alternative names: [*.github.io, github.io, *.github.com, github.com, www.github.com, *.githubusercontent.com, githubusercontent.com]
[DEBUG]  issuer principal: CN=DigiCert TLS RSA SHA256 2020 CA1, O=DigiCert Inc, C=US
[DEBUG] http-outgoing-0 set socket timeout to 3 MINUTES
[DEBUG] raw.githubusercontent.com:443 connected null->raw.githubusercontent.com/185.199.108.133:443 as http-outgoing-0
[DEBUG] ep-0000000001 connected http-outgoing-0
[DEBUG] ep-0000000001 endpoint connected
[DEBUG] ex-0000000001 executing GET /bonigarcia/webdrivermanager/master/src/main/resources/commands.properties HTTP/1.1
[DEBUG] ex-0000000001 Cookie spec selected: strict
[DEBUG] ep-0000000001 start execution ex-0000000001
[DEBUG] ep-0000000001 executing exchange ex-0000000001 over http-outgoing-0
[DEBUG] http-outgoing-0 >> GET /bonigarcia/webdrivermanager/master/src/main/resources/commands.properties HTTP/1.1
[DEBUG] http-outgoing-0 >> user-agent: Apache-HttpClient/5.0
[DEBUG] http-outgoing-0 >> accept-encoding: gzip, deflate, br
[DEBUG] http-outgoing-0 >> cache-control: max-age=0
[DEBUG] http-outgoing-0 >> connection: keep-alive
[DEBUG] http-outgoing-0 >> Host: raw.githubusercontent.com
[DEBUG] http-outgoing-0 >> "GET /bonigarcia/webdrivermanager/master/src/main/resources/commands.properties HTTP/1.1[\r][\n]"
[DEBUG] http-outgoing-0 >> "user-agent: Apache-HttpClient/5.0[\r][\n]"
[DEBUG] http-outgoing-0 >> "accept-encoding: gzip, deflate, br[\r][\n]"
[DEBUG] http-outgoing-0 >> "cache-control: max-age=0[\r][\n]"
[DEBUG] http-outgoing-0 >> "connection: keep-alive[\r][\n]"
[DEBUG] http-outgoing-0 >> "Host: raw.githubusercontent.com[\r][\n]"
[DEBUG] http-outgoing-0 >> "[\r][\n]"
[DEBUG] http-outgoing-0 << "HTTP/1.1 200 OK[\r][\n]"
[DEBUG] http-outgoing-0 << "Connection: keep-alive[\r][\n]"
[DEBUG] http-outgoing-0 << "Content-Length: 723[\r][\n]"
[DEBUG] http-outgoing-0 << "Cache-Control: max-age=300[\r][\n]"
[DEBUG] http-outgoing-0 << "Content-Security-Policy: default-src 'none'; style-src 'unsafe-inline'; sandbox[\r][\n]"
[DEBUG] http-outgoing-0 << "Content-Type: text/plain; charset=utf-8[\r][\n]"
[DEBUG] http-outgoing-0 << "ETag: W/"e82b438271e9e8680c688b0b680efd0bdd22faa6d6f0a32fc1fd8accc486b67e"[\r][\n]"
[DEBUG] http-outgoing-0 << "Strict-Transport-Security: max-age=31536000[\r][\n]"
[DEBUG] http-outgoing-0 << "X-Content-Type-Options: nosniff[\r][\n]"
[DEBUG] http-outgoing-0 << "X-Frame-Options: deny[\r][\n]"
[DEBUG] http-outgoing-0 << "X-XSS-Protection: 1; mode=block[\r][\n]"
[DEBUG] http-outgoing-0 << "X-GitHub-Request-Id: 828C:373E:15BA96:1FA590:64A8D3A8[\r][\n]"
[DEBUG] http-outgoing-0 << "Content-Encoding: gzip[\r][\n]"
[DEBUG] http-outgoing-0 << "Accept-Ranges: bytes[\r][\n]"
[DEBUG] http-outgoing-0 << "Date: Fri, 14 Jul 2023 13:20:51 GMT[\r][\n]"
[DEBUG] http-outgoing-0 << "Via: 1.1 varnish[\r][\n]"
[DEBUG] http-outgoing-0 << "X-Served-By: cache-ccu830027-CCU[\r][\n]"
[DEBUG] http-outgoing-0 << "X-Cache: HIT[\r][\n]"
[DEBUG] http-outgoing-0 << "X-Cache-Hits: 1[\r][\n]"
[DEBUG] http-outgoing-0 << "X-Timer: S1689340851.337377,VS0,VE9[\r][\n]"
[DEBUG] http-outgoing-0 << "Vary: Authorization,Accept-Encoding,Origin[\r][\n]"
[DEBUG] http-outgoing-0 << "Access-Control-Allow-Origin: *[\r][\n]"
[DEBUG] http-outgoing-0 << "Cross-Origin-Resource-Policy: cross-origin[\r][\n]"
[DEBUG] http-outgoing-0 << "X-Fastly-Request-ID: 2d9cc17c1ec62408e2875eab5942889139f8b2b5[\r][\n]"
[DEBUG] http-outgoing-0 << "Expires: Fri, 14 Jul 2023 13:25:51 GMT[\r][\n]"
[DEBUG] http-outgoing-0 << "Source-Age: 162[\r][\n]"
[DEBUG] http-outgoing-0 << "[\r][\n]"
[DEBUG] http-outgoing-0 << HTTP/1.1 200 OK
[DEBUG] http-outgoing-0 << Connection: keep-alive
[DEBUG] http-outgoing-0 << Content-Length: 723
[DEBUG] http-outgoing-0 << Cache-Control: max-age=300
[DEBUG] http-outgoing-0 << Content-Security-Policy: default-src 'none'; style-src 'unsafe-inline'; sandbox
[DEBUG] http-outgoing-0 << Content-Type: text/plain; charset=utf-8
[DEBUG] http-outgoing-0 << ETag: W/"e82b438271e9e8680c688b0b680efd0bdd22faa6d6f0a32fc1fd8accc486b67e"
[DEBUG] http-outgoing-0 << Strict-Transport-Security: max-age=31536000
[DEBUG] http-outgoing-0 << X-Content-Type-Options: nosniff
[DEBUG] http-outgoing-0 << X-Frame-Options: deny
[DEBUG] http-outgoing-0 << X-XSS-Protection: 1; mode=block
[DEBUG] http-outgoing-0 << X-GitHub-Request-Id: 828C:373E:15BA96:1FA590:64A8D3A8
[DEBUG] http-outgoing-0 << Content-Encoding: gzip
[DEBUG] http-outgoing-0 << Accept-Ranges: bytes
[DEBUG] http-outgoing-0 << Date: Fri, 14 Jul 2023 13:20:51 GMT
[DEBUG] http-outgoing-0 << Via: 1.1 varnish
[DEBUG] http-outgoing-0 << X-Served-By: cache-ccu830027-CCU
[DEBUG] http-outgoing-0 << X-Cache: HIT
[DEBUG] http-outgoing-0 << X-Cache-Hits: 1
[DEBUG] http-outgoing-0 << X-Timer: S1689340851.337377,VS0,VE9
[DEBUG] http-outgoing-0 << Vary: Authorization,Accept-Encoding,Origin
[DEBUG] http-outgoing-0 << Access-Control-Allow-Origin: *
[DEBUG] http-outgoing-0 << Cross-Origin-Resource-Policy: cross-origin
[DEBUG] http-outgoing-0 << X-Fastly-Request-ID: 2d9cc17c1ec62408e2875eab5942889139f8b2b5
[DEBUG] http-outgoing-0 << Expires: Fri, 14 Jul 2023 13:25:51 GMT
[DEBUG] http-outgoing-0 << Source-Age: 162
[DEBUG] ex-0000000001 connection can be kept alive for 3 MINUTES
[DEBUG] http-outgoing-0 << "[0x1f][0xffffff8b][0x8][0x0][0x0][0x0][0x0][0x0][0x0][0x3][0xffffffb5]V]o[0xffffffda]0[0x14]}[0xffffffe7]W\[0xffffff81]*[0xffffffb5][0x12][0x1f][[M[0xffffffd3]$[0x1e]hF[0xffffffbb]i [0x18][0xffffffb4][0xffffffdd]&[0xfffffff9][0xffffffc5]$7[0xffffffc1]R[0x12]#;[0xffffff94]v[0xffffffbf]~[0xffffffb6][0xfffffff3]1[0xffffff92][0xffffff9a][0xffffffc1][0x1a]x[0xffffffcb][0xffffffb5][0xffffffaf][0xffffffcf]9[0xffffffbe][0xfffffff7]8v[0xb][0x1c][0x1e]E4[0xfffffff6]$x4[0xffffffa1][0xb]*[0xffffffb1][0xffffffd1][0xffffff82][0xfffffffb]%[0xffffff93][0xffffffe0][0xffffffb3][0x10][0xffffffc1][0xffffffe5]qBY,!Y[0xffffffea] KM8,[0x10][0xfffffff0][0x19][0xffffffdd]u[0xffffff82][0x1e][0xffffffb0][0xffffffd8]L[0xffffffcb]%[0xffffff86][0xffffffa1][0xe][0xffffffb8][0xfffffff0]P[0xffffffe8]$[0xf][0x13]t[0x13]3[0xfffffff9][0xffffff84]B2[0xffffffae][0xffffffe6]|@[0xfffffff5][0x1d][0x8][0xffffffc4][0x18][0x16][0xffffff82]o[0xffffffa4][0xffffff9a]P[0xffffff94][0xffffffe7][0xffffffce]R[0xfffffff0][0x8][0xffffffdb]p[0xffffffcb][0x4][0xfffffffa][0xfffffffc][0xffffffb9][\r][0xffffff93][0x15][\n]"
[DEBUG] http-outgoing-0 << "[0xffffffda][0xffffff86][0xffffffa1][0x17][0xffffffa8]Q3[0xffffffcb][0xffffffd6][0xffffffd1][0xffffff85][0xffffffc6][0xfffffff7][0xffffff98][0xffffffef][0xffffffa3][0xffffffc0]8[0x1][0xffffffae]s[0x12][0x16][0x7] _d[0xffffff82][0xffffff91][0xffffff84][0xfffffff3][0x1f],[0xfffffff6][0x14]j[0x1b]F,^+[0xffffff98]1ua2[0xffffffbf]h([0xffffff8e][0xffffff94][0xffffffa2][0xffffff91]m[0xffffffa3][0xffffffeb][0xffffff9a][0xffffffb0][0xffffffbb]I[0x17]t[0xffffffdf][0xffffffbd][0xffffffef][0xffffffbb][0xffffff91][0xffffffd7]U[0xffffffbb][0xffffff82][0xffffff9e][0x3][0xffffff9b][0xffffff88][0xffffffb9][0xffffffa6]$[0xffffffa6][0xc][0xffffff9b][0xffffffa5][0xffffffe2][0xffffff83][0xffffff98]F[0xffffffd8]o[0xffffff9e]Mg[0xffffff93][0xffffffbb][0xffffffd9]`|[0xfffffffb]u4[0xffffff9c][0x7f]"}B[0xffffffce][0x8][0xffffffb9][0xffffffe3]<[0x8][0xffffff91][0xffffff90][0xffffff94][0xffffff82][0xffffff90][0xffffffc1]j[0x15]2WI[0xffffffe3]1![0x19][0xffffff91]BnB[0xffffff80][0x9]<f[0xffffffb5][0xffffffe8]=[0xffffffd1]p[0xffffffbd][[0xffffffcf][0xffffffe5][0x1b][0xfffffff4][0xffffff9c][0xffffffff][0xfffffffc][0xfffffff8][0xffffffe1][0xffffffe2][0xffffff94][0xffffffa2][0xffffffae][0xe][0x14]5[0xffffff9a]8[0xffffff83][0xffffffd1]`:[0xfffffffd]<[0xffffffb8][0x1f][0xffffff9c]R[0xffffffcf]u[0x7f]6[0xffffffbc][0xffffff83][0xffffffef][0xf][0xffffffc3][0xffffffd9]/[0xfffffff8][0xfffffff2][0xffffffcd]y s[0xffffffee]'[0x1b]*0g[0xffffffcb][0xffffffc8]nF7H][0xffffff83][0xffffff97]{[0xffffffb1]Q[0x5][\r][0xffffffb5]c[0xffffffb4][0xf][0x2][0xffffffb3][0xffffffb4][0xffffff93][0xe]C[0xffffffa7][0xffffffb3]kAD][0xffffff9d][0xffffffde][0xffffffdb][0xffffffda][0xffffff88][0xffffffec][0xffffffa5][0xffffffbc][0xffffff99][0xffffffd9][0xffffffba]t[0xffffffb5][0xffffffea]9[0xffffffea][0x10])[0xffffffb7][0xffffffca][0xffffff9e][0xfffffff2][0xffffffe2]d^N[0xffffffd8]FW[0x16][0xffffffcd][0xffffffdc]_[0x10][0xfffffff9]i|[0x1c][0xffffff93][0xffffff8e][0xfffffff9]o[0x16][0xffffff86]4'!$G[0xffffffdf]W[0xfffffff4]W*j[[0xfffffff3]xR[0xffffffae][0xffffffb6][0xc][0xffffffd0],; #[0xffffffa9][0xffffff92]5[0xffffffb5][0x7][0xffffff9c][0xffffffb5][0xffffffd0][0x7f][0xffffff90][0xffffffc7]jgs[0xfffffffc][0xffffffc2][0xb][0xffffffd9][0x0]t[0xffffff9e]^'Y[0xfffffffb][0xffffff9f][0xffffffb1][0xffffffd8]:[0xffffffbf][0xffffff8d][0xffffffa5][0xffffff9a][0xffffffad][0x7f]m[0x5]&[0xffffffaa][0xffffffa0]^[0xffffff9b][0xffffffcb][0x5]f[0xffffffae][0xffffffe0]RU[0xffffff82][0x10]MS9l[0xffffff91]4t[0xfffffffb][0xffffff8a]][0xffffffd6][0xfffffff4][0xffffff96][0xffffffa6][0xffffff9f]P[0xffffffce][0xffffffd5][0xffffffce][0xffffff93][0xffffffff][0xffffff97][0xffffffcc]p[0xfffffffd][0xfffffff3][0xffffffe8][0x1b][0xffffffcc][0xffffffa2][0xffffffd9]Q[0xffffffbe][0xffffffb2][0xffffffa3][0xffffffc7]m'[0xffffffdf][0xffffffe4][[0xfffffffb]^[0xffffffb0][0xffffff9a][0xffffffbe][0xffffffda][0xffffffda]_[0xffffffce][0xffffff80][0xffffffd2][0xffffffc1]7[0xffffffb7]][0xffffffc1]b[0xffffffee][0xffffffb5][0xffffffff]w[0xffffff83][0xffffffed][0xffffffa7];[0x15]<[0x10]4[0xffffff92][0xffffff84][0x18][\n]"
[DEBUG] http-outgoing-0 << "BB[0xffffffba][0xffffff8e]][0xffffffb5]jo[0xffffffb9]+"[0xffffffea][0xffffffb4][0xffffffff]h"[0xffffffea]\?5[0xffffffa9][0xffffffaf]k[0xffffffec][0xffffffff]P[0xffffffea][\n]"
[DEBUG] http-outgoing-0 << "w[0xffffffe1]K[0x13][0xffffffda][0xffffffec][0xffffff98][0xffffffe6]Y[0xfffffffd]h8m6[0xffffff9c]T[0xffffffc1][0xfffffff2][0xffffffa7][0xffffff91]z_[0xffffff95]o85p[0x1c][0x13][0xffffffe6][0xfffffff0]5[0xffffffee][0xfffffffc][0xffffff92][0xffffff96][0xffffffda][0xfffffff7][0xffffffcf][0xffffffb1][0x5][0x1d][0xffffffea]K[0xffffff9b]9[0xffffff8e][0xffffffad]e[0xfffffff7][0xffffff93][0xffffffa8]`[0xffffffda][0xffffffff][0x1a][0xffffffd2][0xffffff88][0xffffff85][0xfffffffd][0xfffffff2][0xffffff91]N[0xfffffff6]`[0xffffffdf]2[0xffffffcf][0xffffffae]E[0xffffff97][0xffffffc5][0xffffffa2][0xffffff9d][0xffffffef]'[0xffffff9d]mun.[0xffffffd3]f^[0xffffffc7][0xffffff82][0xffffffda][0xffffff82]9[0xfffffff5][0xffffffa9]`[0x5][0xffffffbc]4[0xffffffa1][0x1d]<M[0xffffffb5]A[0xffffffa7]3[[0xffffffc0][0x7f][0x0][0xffffffc1][0xffffffd0]$[0xffffff85][0x1d][\r][0x0][0x0]"
[DEBUG] ep-0000000001 releasing valid endpoint
[DEBUG] ep-0000000001 releasing endpoint
[DEBUG] ep-0000000001 connection http-outgoing-0 can be kept alive for 3 MINUTES
[DEBUG] ep-0000000001 connection released [route: {s}->https://raw.githubusercontent.com:443][total available: 1; route allocated: 1 of 5; total allocated: 1 of 25]
[DEBUG] Detecting chrome version using online commands.properties
[DEBUG] Running command on the shell: [cmd.exe, /C, wmic, datafile, where, name="%PROGRAMFILES:\=\\%\\Google\\Chrome\\Application\\chrome.exe", get, Version, /value]
[DEBUG] Result: 
[DEBUG] Running command on the shell: [cmd.exe, /C, wmic, datafile, where, name="%PROGRAMFILES(X86):\=\\%\\Google\\Chrome\\Application\\chrome.exe", get, Version, /value]
[DEBUG] Result: Version=114.0.5735.199
[DEBUG] Resolution chrome114=114.0.5735.90 in cache (valid until 15:22:39 15/07/2023 IST)
[INFO] Using chromedriver 114.0.5735.90 (resolved driver for Chrome 114)
[DEBUG] Storing resolution chrome=114 in cache (valid until 19:50:52 14/07/2023 IST)
[DEBUG] Driver chromedriver 114.0.5735.90 found in cache
[INFO] Exporting webdriver.chrome.driver as C:\Users\dell.DESKTOP-8J46C5N\.cache\selenium\chromedriver\win32\114.0.5735.90\chromedriver.exe
[DEBUG] Using SLF4J as the default logging framework
[DEBUG] -Dio.netty.leakDetection.level: simple
[DEBUG] -Dio.netty.leakDetection.targetRecords: 4
[DEBUG] Loaded default ResourceLeakDetector: io.netty.util.ResourceLeakDetector@446626a7
[DEBUG] -Dio.netty.noUnsafe: false
[DEBUG] Java version: 11
[DEBUG] sun.misc.Unsafe.theUnsafe: available
[DEBUG] sun.misc.Unsafe.copyMemory: available
[DEBUG] sun.misc.Unsafe.storeFence: available
[DEBUG] java.nio.Buffer.address: available
[DEBUG] direct buffer constructor: unavailable: Reflective setAccessible(true) disabled
[DEBUG] java.nio.Bits.unaligned: available, true
[DEBUG] jdk.internal.misc.Unsafe.allocateUninitializedArray(int): unavailable: class io.netty.util.internal.PlatformDependent0$7 cannot access class jdk.internal.misc.Unsafe (in module java.base) because module java.base does not export jdk.internal.misc to unnamed module @505a9d7c
[DEBUG] java.nio.DirectByteBuffer.<init>(long, int): unavailable
[DEBUG] sun.misc.Unsafe: available
[DEBUG] maxDirectMemory: 2057306112 bytes (maybe)
[DEBUG] -Dio.netty.tmpdir: C:\Users\DELL~1.DES\AppData\Local\Temp (java.io.tmpdir)
[DEBUG] -Dio.netty.bitMode: 64 (sun.arch.data.model)
[DEBUG] Platform: Windows
[DEBUG] -Dio.netty.maxDirectMemory: -1 bytes
[DEBUG] -Dio.netty.uninitializedArrayAllocationThreshold: -1
[DEBUG] java.nio.ByteBuffer.cleaner(): available
[DEBUG] -Dio.netty.noPreferDirect: false
[DEBUG] org.jctools-core.MpscChunkedArrayQueue: available
[DEBUG] -Dio.netty.threadLocalMap.stringBuilder.initialSize: 1024
[DEBUG] -Dio.netty.threadLocalMap.stringBuilder.maxSize: 4096
[DEBUG] Default protocols (JDK): [TLSv1.3, TLSv1.2] 
[DEBUG] Default cipher suites (JDK): [TLS_ECDHE_ECDSA_WITH_AES_256_GCM_SHA384, TLS_ECDHE_ECDSA_WITH_AES_128_GCM_SHA256, TLS_ECDHE_RSA_WITH_AES_128_GCM_SHA256, TLS_ECDHE_RSA_WITH_AES_256_GCM_SHA384, TLS_ECDHE_RSA_WITH_AES_128_CBC_SHA, TLS_ECDHE_RSA_WITH_AES_256_CBC_SHA, TLS_RSA_WITH_AES_128_GCM_SHA256, TLS_RSA_WITH_AES_128_CBC_SHA, TLS_RSA_WITH_AES_256_CBC_SHA, TLS_AES_128_GCM_SHA256, TLS_AES_256_GCM_SHA384]
[DEBUG] -Dio.netty.globalEventExecutor.quietPeriodSeconds: 1
[DEBUG] -Dio.netty.eventLoopThreads: 8
[DEBUG] -Dio.netty.noKeySetOptimization: false
[DEBUG] -Dio.netty.selectorAutoRebuildThreshold: 512
[DEBUG] -Dio.netty.allocator.numHeapArenas: 8
[DEBUG] -Dio.netty.allocator.numDirectArenas: 8
[DEBUG] -Dio.netty.allocator.pageSize: 8192
[DEBUG] -Dio.netty.allocator.maxOrder: 9
[DEBUG] -Dio.netty.allocator.chunkSize: 4194304
[DEBUG] -Dio.netty.allocator.smallCacheSize: 256
[DEBUG] -Dio.netty.allocator.normalCacheSize: 64
[DEBUG] -Dio.netty.allocator.maxCachedBufferCapacity: 32768
[DEBUG] -Dio.netty.allocator.cacheTrimInterval: 8192
[DEBUG] -Dio.netty.allocator.cacheTrimIntervalMillis: 0
[DEBUG] -Dio.netty.allocator.useCacheForAllThreads: false
[DEBUG] -Dio.netty.allocator.maxCachedByteBuffersPerChunk: 1023
[DEBUG] -Dio.netty.allocator.type: pooled
[DEBUG] -Dio.netty.threadLocalDirectBufferSize: 0
[DEBUG] -Dio.netty.maxThreadLocalCharBufferSize: 16384
[DEBUG] -Dio.netty.processId: 7128 (auto-detected)
[DEBUG] -Djava.net.preferIPv4Stack: false
[DEBUG] -Djava.net.preferIPv6Addresses: false
[DEBUG] Loopback interface: lo (Software Loopback Interface 1, 127.0.0.1)
[DEBUG] Failed to get SOMAXCONN from sysctl and file \proc\sys\net\core\somaxconn. Default: 200
[DEBUG] -Dio.netty.machineId: 34:f3:9a:ff:fe:9b:9e:57 (auto-detected)
[DEBUG] -Dio.netty.buffer.checkAccessible: true
[DEBUG] -Dio.netty.buffer.checkBounds: true
[DEBUG] Loaded default ResourceLeakDetector: io.netty.util.ResourceLeakDetector@7ac105f0
[DEBUG] Using new Channel '[id: 0x30ad4d68, L:/127.0.0.1:57531 - R:localhost/127.0.0.1:7939]' for 'POST' to '/session'
[DEBUG] -Dio.netty.recycler.maxCapacityPerThread: 4096
[DEBUG] -Dio.netty.recycler.ratio: 8
[DEBUG] -Dio.netty.recycler.chunkSize: 32
[DEBUG] -Dio.netty.recycler.blocking: false
[DEBUG] -Dio.netty.recycler.batchFastThreadLocalOnly: true
[DEBUG] brotli4j not in the classpath; Brotli support will be unavailable.
[DEBUG] 

Request DefaultHttpRequest(decodeResult: success, version: HTTP/1.1)
POST /session HTTP/1.1
User-Agent: selenium/4.9.0 (java windows)
Content-Length: 254
Content-Type: application/json; charset=utf-8
host: localhost:7939
accept: */*

Response DefaultHttpResponse(decodeResult: success, version: HTTP/1.1)
HTTP/1.1 200 OK
Content-Length: 864
Content-Type: application/json; charset=utf-8
cache-control: no-cache

[DEBUG] Adding key: http://localhost:7939 for channel [id: 0x30ad4d68, L:/127.0.0.1:57531 - R:localhost/127.0.0.1:7939]
[DEBUG] Using new Channel '[id: 0xfe942b0b, L:/127.0.0.1:57539 - R:localhost/127.0.0.1:57532]' for 'GET' to '/json/version'
[DEBUG] 

Request DefaultFullHttpRequest(decodeResult: success, version: HTTP/1.1, content: EmptyByteBufBE)
GET /json/version HTTP/1.1
User-Agent: selenium/4.9.0 (java windows)
host: localhost:57532
accept: */*

Response DefaultHttpResponse(decodeResult: success, version: HTTP/1.1)
HTTP/1.1 200 OK
Content-Security-Policy: frame-ancestors 'none'
Content-Length: 424
Content-Type: application/json; charset=UTF-8

[DEBUG] Adding key: http://localhost:57532 for channel [id: 0xfe942b0b, L:/127.0.0.1:57539 - R:localhost/127.0.0.1:57532]
[DEBUG] -Dio.netty.initialSeedUniquifier: 0x76bba037075ea141
[DEBUG] Using new Channel '[id: 0x79e97cea, L:/127.0.0.1:57540 - R:localhost/127.0.0.1:57532]' for 'GET' to '/devtools/browser/8c1cec7e-1101-478e-aee1-e87d2d79bcc2'
[DEBUG] 

Request DefaultFullHttpRequest(decodeResult: success, version: HTTP/1.1, content: EmptyByteBufBE)
GET /devtools/browser/8c1cec7e-1101-478e-aee1-e87d2d79bcc2 HTTP/1.1
upgrade: websocket
connection: upgrade
sec-websocket-key: z12nZPbK3gdafMMsBcp2/w==
sec-websocket-version: 13
origin: http://localhost:57532
host: localhost:57532
accept: */*
user-agent: AHC/2.1

Response DefaultHttpResponse(decodeResult: success, version: HTTP/1.1)
HTTP/1.1 101 WebSocket Protocol Handshake
Upgrade: WebSocket
Connection: Upgrade
Sec-WebSocket-Accept: 7c1l8R8OWvJ02UhfC4MqgPDcDEU=

[DEBUG] Using pooled Channel '[id: 0x30ad4d68, L:/127.0.0.1:57531 - R:localhost/127.0.0.1:7939]' for 'POST' to 'http://localhost:7939/session/c016d65bec9642c7a51801d4071ec3f3/window/maximize'
[DEBUG] Using open Channel [id: 0x30ad4d68, L:/127.0.0.1:57531 - R:localhost/127.0.0.1:7939] for POST '/session/c016d65bec9642c7a51801d4071ec3f3/window/maximize'
[DEBUG] 

Request DefaultHttpRequest(decodeResult: success, version: HTTP/1.1)
POST /session/c016d65bec9642c7a51801d4071ec3f3/window/maximize HTTP/1.1
User-Agent: selenium/4.9.0 (java windows)
Content-Length: 3
Content-Type: application/json; charset=utf-8
host: localhost:7939
accept: */*

Response DefaultHttpResponse(decodeResult: success, version: HTTP/1.1)
HTTP/1.1 200 OK
Content-Length: 51
Content-Type: application/json; charset=utf-8
cache-control: no-cache

[DEBUG] Adding key: http://localhost:7939 for channel [id: 0x30ad4d68, L:/127.0.0.1:57531 - R:localhost/127.0.0.1:7939]
[DEBUG] Using pooled Channel '[id: 0x30ad4d68, L:/127.0.0.1:57531 - R:localhost/127.0.0.1:7939]' for 'POST' to 'http://localhost:7939/session/c016d65bec9642c7a51801d4071ec3f3/url'
[DEBUG] Using open Channel [id: 0x30ad4d68, L:/127.0.0.1:57531 - R:localhost/127.0.0.1:7939] for POST '/session/c016d65bec9642c7a51801d4071ec3f3/url'
[DEBUG] Entry count for : http://localhost:57532 : 1
[DEBUG] Entry count for : http://localhost:57532 : 1
[DEBUG] 

Request DefaultHttpRequest(decodeResult: success, version: HTTP/1.1)
POST /session/c016d65bec9642c7a51801d4071ec3f3/url HTTP/1.1
User-Agent: selenium/4.9.0 (java windows)
Content-Length: 57
Content-Type: application/json; charset=utf-8
host: localhost:7939
accept: */*

Response DefaultHttpResponse(decodeResult: success, version: HTTP/1.1)
HTTP/1.1 200 OK
Content-Length: 14
Content-Type: application/json; charset=utf-8
cache-control: no-cache

[DEBUG] Adding key: http://localhost:7939 for channel [id: 0x30ad4d68, L:/127.0.0.1:57531 - R:localhost/127.0.0.1:7939]
[DEBUG] Using pooled Channel '[id: 0x30ad4d68, L:/127.0.0.1:57531 - R:localhost/127.0.0.1:7939]' for 'POST' to 'http://localhost:7939/session/c016d65bec9642c7a51801d4071ec3f3/element'
[DEBUG] Using open Channel [id: 0x30ad4d68, L:/127.0.0.1:57531 - R:localhost/127.0.0.1:7939] for POST '/session/c016d65bec9642c7a51801d4071ec3f3/element'
[DEBUG] 

Request DefaultHttpRequest(decodeResult: success, version: HTTP/1.1)
POST /session/c016d65bec9642c7a51801d4071ec3f3/element HTTP/1.1
User-Agent: selenium/4.9.0 (java windows)
Content-Length: 84
Content-Type: application/json; charset=utf-8
host: localhost:7939
accept: */*

Response DefaultHttpResponse(decodeResult: success, version: HTTP/1.1)
HTTP/1.1 404 Not Found
Content-Length: 985
Content-Type: application/json; charset=utf-8
cache-control: no-cache

[DEBUG] Adding key: http://localhost:7939 for channel [id: 0x30ad4d68, L:/127.0.0.1:57531 - R:localhost/127.0.0.1:7939]
[DEBUG] Using pooled Channel '[id: 0x30ad4d68, L:/127.0.0.1:57531 - R:localhost/127.0.0.1:7939]' for 'POST' to 'http://localhost:7939/session/c016d65bec9642c7a51801d4071ec3f3/element'
[DEBUG] Using open Channel [id: 0x30ad4d68, L:/127.0.0.1:57531 - R:localhost/127.0.0.1:7939] for POST '/session/c016d65bec9642c7a51801d4071ec3f3/element'
[DEBUG] 

Request DefaultHttpRequest(decodeResult: success, version: HTTP/1.1)
POST /session/c016d65bec9642c7a51801d4071ec3f3/element HTTP/1.1
User-Agent: selenium/4.9.0 (java windows)
Content-Length: 84
Content-Type: application/json; charset=utf-8
host: localhost:7939
accept: */*

Response DefaultHttpResponse(decodeResult: success, version: HTTP/1.1)
HTTP/1.1 404 Not Found
Content-Length: 985
Content-Type: application/json; charset=utf-8
cache-control: no-cache

[DEBUG] Adding key: http://localhost:7939 for channel [id: 0x30ad4d68, L:/127.0.0.1:57531 - R:localhost/127.0.0.1:7939]
[DEBUG] Entry count for : http://localhost:57532 : 1
[DEBUG] Entry count for : http://localhost:7939 : 1
[DEBUG] Using pooled Channel '[id: 0x30ad4d68, L:/127.0.0.1:57531 - R:localhost/127.0.0.1:7939]' for 'POST' to 'http://localhost:7939/session/c016d65bec9642c7a51801d4071ec3f3/element'
[DEBUG] Using open Channel [id: 0x30ad4d68, L:/127.0.0.1:57531 - R:localhost/127.0.0.1:7939] for POST '/session/c016d65bec9642c7a51801d4071ec3f3/element'
[DEBUG] 

Request DefaultHttpRequest(decodeResult: success, version: HTTP/1.1)
POST /session/c016d65bec9642c7a51801d4071ec3f3/element HTTP/1.1
User-Agent: selenium/4.9.0 (java windows)
Content-Length: 84
Content-Type: application/json; charset=utf-8
host: localhost:7939
accept: */*

Response DefaultHttpResponse(decodeResult: success, version: HTTP/1.1)
HTTP/1.1 404 Not Found
Content-Length: 985
Content-Type: application/json; charset=utf-8
cache-control: no-cache

[DEBUG] Adding key: http://localhost:7939 for channel [id: 0x30ad4d68, L:/127.0.0.1:57531 - R:localhost/127.0.0.1:7939]
[DEBUG] Using pooled Channel '[id: 0x30ad4d68, L:/127.0.0.1:57531 - R:localhost/127.0.0.1:7939]' for 'POST' to 'http://localhost:7939/session/c016d65bec9642c7a51801d4071ec3f3/element'
[DEBUG] Using open Channel [id: 0x30ad4d68, L:/127.0.0.1:57531 - R:localhost/127.0.0.1:7939] for POST '/session/c016d65bec9642c7a51801d4071ec3f3/element'
[DEBUG] 

Request DefaultHttpRequest(decodeResult: success, version: HTTP/1.1)
POST /session/c016d65bec9642c7a51801d4071ec3f3/element HTTP/1.1
User-Agent: selenium/4.9.0 (java windows)
Content-Length: 84
Content-Type: application/json; charset=utf-8
host: localhost:7939
accept: */*

Response DefaultHttpResponse(decodeResult: success, version: HTTP/1.1)
HTTP/1.1 200 OK
Content-Length: 95
Content-Type: application/json; charset=utf-8
cache-control: no-cache

[DEBUG] Adding key: http://localhost:7939 for channel [id: 0x30ad4d68, L:/127.0.0.1:57531 - R:localhost/127.0.0.1:7939]
[DEBUG] Entry count for : http://localhost:57532 : 1
[DEBUG] Entry count for : http://localhost:7939 : 1
[DEBUG] Using pooled Channel '[id: 0x30ad4d68, L:/127.0.0.1:57531 - R:localhost/127.0.0.1:7939]' for 'POST' to 'http://localhost:7939/session/c016d65bec9642c7a51801d4071ec3f3/execute/sync'
[DEBUG] Using open Channel [id: 0x30ad4d68, L:/127.0.0.1:57531 - R:localhost/127.0.0.1:7939] for POST '/session/c016d65bec9642c7a51801d4071ec3f3/execute/sync'
[DEBUG] 

Request DefaultHttpRequest(decodeResult: success, version: HTTP/1.1)
POST /session/c016d65bec9642c7a51801d4071ec3f3/execute/sync HTTP/1.1
User-Agent: selenium/4.9.0 (java windows)
Content-Length: 48814
Content-Type: application/json; charset=utf-8
host: localhost:7939
accept: */*

Response DefaultHttpResponse(decodeResult: success, version: HTTP/1.1)
HTTP/1.1 200 OK
Content-Length: 15
Content-Type: application/json; charset=utf-8
cache-control: no-cache

[DEBUG] Adding key: http://localhost:7939 for channel [id: 0x30ad4d68, L:/127.0.0.1:57531 - R:localhost/127.0.0.1:7939]
[DEBUG] Using pooled Channel '[id: 0x30ad4d68, L:/127.0.0.1:57531 - R:localhost/127.0.0.1:7939]' for 'POST' to 'http://localhost:7939/session/c016d65bec9642c7a51801d4071ec3f3/element'
[DEBUG] Using open Channel [id: 0x30ad4d68, L:/127.0.0.1:57531 - R:localhost/127.0.0.1:7939] for POST '/session/c016d65bec9642c7a51801d4071ec3f3/element'
[DEBUG] 

Request DefaultHttpRequest(decodeResult: success, version: HTTP/1.1)
POST /session/c016d65bec9642c7a51801d4071ec3f3/element HTTP/1.1
User-Agent: selenium/4.9.0 (java windows)
Content-Length: 84
Content-Type: application/json; charset=utf-8
host: localhost:7939
accept: */*

Response DefaultHttpResponse(decodeResult: success, version: HTTP/1.1)
HTTP/1.1 200 OK
Content-Length: 95
Content-Type: application/json; charset=utf-8
cache-control: no-cache

[DEBUG] Adding key: http://localhost:7939 for channel [id: 0x30ad4d68, L:/127.0.0.1:57531 - R:localhost/127.0.0.1:7939]
[DEBUG] Using pooled Channel '[id: 0x30ad4d68, L:/127.0.0.1:57531 - R:localhost/127.0.0.1:7939]' for 'POST' to 'http://localhost:7939/session/c016d65bec9642c7a51801d4071ec3f3/execute/sync'
[DEBUG] Using open Channel [id: 0x30ad4d68, L:/127.0.0.1:57531 - R:localhost/127.0.0.1:7939] for POST '/session/c016d65bec9642c7a51801d4071ec3f3/execute/sync'
[DEBUG] 

Request DefaultHttpRequest(decodeResult: success, version: HTTP/1.1)
POST /session/c016d65bec9642c7a51801d4071ec3f3/execute/sync HTTP/1.1
User-Agent: selenium/4.9.0 (java windows)
Content-Length: 48814
Content-Type: application/json; charset=utf-8
host: localhost:7939
accept: */*

Response DefaultHttpResponse(decodeResult: success, version: HTTP/1.1)
HTTP/1.1 200 OK
Content-Length: 14
Content-Type: application/json; charset=utf-8
cache-control: no-cache

[DEBUG] Adding key: http://localhost:7939 for channel [id: 0x30ad4d68, L:/127.0.0.1:57531 - R:localhost/127.0.0.1:7939]
[DEBUG] Using pooled Channel '[id: 0x30ad4d68, L:/127.0.0.1:57531 - R:localhost/127.0.0.1:7939]' for 'POST' to 'http://localhost:7939/session/c016d65bec9642c7a51801d4071ec3f3/element'
[DEBUG] Using open Channel [id: 0x30ad4d68, L:/127.0.0.1:57531 - R:localhost/127.0.0.1:7939] for POST '/session/c016d65bec9642c7a51801d4071ec3f3/element'
[DEBUG] 

Request DefaultHttpRequest(decodeResult: success, version: HTTP/1.1)
POST /session/c016d65bec9642c7a51801d4071ec3f3/element HTTP/1.1
User-Agent: selenium/4.9.0 (java windows)
Content-Length: 84
Content-Type: application/json; charset=utf-8
host: localhost:7939
accept: */*

Response DefaultHttpResponse(decodeResult: success, version: HTTP/1.1)
HTTP/1.1 200 OK
Content-Length: 95
Content-Type: application/json; charset=utf-8
cache-control: no-cache

[DEBUG] Adding key: http://localhost:7939 for channel [id: 0x30ad4d68, L:/127.0.0.1:57531 - R:localhost/127.0.0.1:7939]
[DEBUG] Using pooled Channel '[id: 0x30ad4d68, L:/127.0.0.1:57531 - R:localhost/127.0.0.1:7939]' for 'POST' to 'http://localhost:7939/session/c016d65bec9642c7a51801d4071ec3f3/execute/sync'
[DEBUG] Using open Channel [id: 0x30ad4d68, L:/127.0.0.1:57531 - R:localhost/127.0.0.1:7939] for POST '/session/c016d65bec9642c7a51801d4071ec3f3/execute/sync'
[DEBUG] 

Request DefaultHttpRequest(decodeResult: success, version: HTTP/1.1)
POST /session/c016d65bec9642c7a51801d4071ec3f3/execute/sync HTTP/1.1
User-Agent: selenium/4.9.0 (java windows)
Content-Length: 48814
Content-Type: application/json; charset=utf-8
host: localhost:7939
accept: */*

Response DefaultHttpResponse(decodeResult: success, version: HTTP/1.1)
HTTP/1.1 200 OK
Content-Length: 14
Content-Type: application/json; charset=utf-8
cache-control: no-cache

[DEBUG] Adding key: http://localhost:7939 for channel [id: 0x30ad4d68, L:/127.0.0.1:57531 - R:localhost/127.0.0.1:7939]
[DEBUG] Using pooled Channel '[id: 0x30ad4d68, L:/127.0.0.1:57531 - R:localhost/127.0.0.1:7939]' for 'POST' to 'http://localhost:7939/session/c016d65bec9642c7a51801d4071ec3f3/element'
[DEBUG] Using open Channel [id: 0x30ad4d68, L:/127.0.0.1:57531 - R:localhost/127.0.0.1:7939] for POST '/session/c016d65bec9642c7a51801d4071ec3f3/element'
[DEBUG] 

Request DefaultHttpRequest(decodeResult: success, version: HTTP/1.1)
POST /session/c016d65bec9642c7a51801d4071ec3f3/element HTTP/1.1
User-Agent: selenium/4.9.0 (java windows)
Content-Length: 84
Content-Type: application/json; charset=utf-8
host: localhost:7939
accept: */*

Response DefaultHttpResponse(decodeResult: success, version: HTTP/1.1)
HTTP/1.1 200 OK
Content-Length: 95
Content-Type: application/json; charset=utf-8
cache-control: no-cache

[DEBUG] Adding key: http://localhost:7939 for channel [id: 0x30ad4d68, L:/127.0.0.1:57531 - R:localhost/127.0.0.1:7939]
[DEBUG] Using pooled Channel '[id: 0x30ad4d68, L:/127.0.0.1:57531 - R:localhost/127.0.0.1:7939]' for 'GET' to 'http://localhost:7939/session/c016d65bec9642c7a51801d4071ec3f3/element/3ED2F6A3250768227F3FA4EDB2F5EE25_element_26/enabled'
[DEBUG] Using open Channel [id: 0x30ad4d68, L:/127.0.0.1:57531 - R:localhost/127.0.0.1:7939] for GET '/session/c016d65bec9642c7a51801d4071ec3f3/element/3ED2F6A3250768227F3FA4EDB2F5EE25_element_26/enabled'
[DEBUG] 

Request DefaultFullHttpRequest(decodeResult: success, version: HTTP/1.1, content: EmptyByteBufBE)
GET /session/c016d65bec9642c7a51801d4071ec3f3/element/3ED2F6A3250768227F3FA4EDB2F5EE25_element_26/enabled HTTP/1.1
User-Agent: selenium/4.9.0 (java windows)
Cache-Control: no-cache
Content-Type: application/json; charset=utf-8
host: localhost:7939
accept: */*

Response DefaultHttpResponse(decodeResult: success, version: HTTP/1.1)
HTTP/1.1 200 OK
Content-Length: 14
Content-Type: application/json; charset=utf-8
cache-control: no-cache

[DEBUG] Adding key: http://localhost:7939 for channel [id: 0x30ad4d68, L:/127.0.0.1:57531 - R:localhost/127.0.0.1:7939]
[DEBUG] Using pooled Channel '[id: 0x30ad4d68, L:/127.0.0.1:57531 - R:localhost/127.0.0.1:7939]' for 'POST' to 'http://localhost:7939/session/c016d65bec9642c7a51801d4071ec3f3/element'
[DEBUG] Using open Channel [id: 0x30ad4d68, L:/127.0.0.1:57531 - R:localhost/127.0.0.1:7939] for POST '/session/c016d65bec9642c7a51801d4071ec3f3/element'
[DEBUG] 

Request DefaultHttpRequest(decodeResult: success, version: HTTP/1.1)
POST /session/c016d65bec9642c7a51801d4071ec3f3/element HTTP/1.1
User-Agent: selenium/4.9.0 (java windows)
Content-Length: 82
Content-Type: application/json; charset=utf-8
host: localhost:7939
accept: */*

Response DefaultHttpResponse(decodeResult: success, version: HTTP/1.1)
HTTP/1.1 200 OK
Content-Length: 95
Content-Type: application/json; charset=utf-8
cache-control: no-cache

[DEBUG] Adding key: http://localhost:7939 for channel [id: 0x30ad4d68, L:/127.0.0.1:57531 - R:localhost/127.0.0.1:7939]
[DEBUG] Using pooled Channel '[id: 0x30ad4d68, L:/127.0.0.1:57531 - R:localhost/127.0.0.1:7939]' for 'POST' to 'http://localhost:7939/session/c016d65bec9642c7a51801d4071ec3f3/execute/sync'
[DEBUG] Using open Channel [id: 0x30ad4d68, L:/127.0.0.1:57531 - R:localhost/127.0.0.1:7939] for POST '/session/c016d65bec9642c7a51801d4071ec3f3/execute/sync'
[DEBUG] 

Request DefaultHttpRequest(decodeResult: success, version: HTTP/1.1)
POST /session/c016d65bec9642c7a51801d4071ec3f3/execute/sync HTTP/1.1
User-Agent: selenium/4.9.0 (java windows)
Content-Length: 48814
Content-Type: application/json; charset=utf-8
host: localhost:7939
accept: */*

Response DefaultHttpResponse(decodeResult: success, version: HTTP/1.1)
HTTP/1.1 200 OK
Content-Length: 14
Content-Type: application/json; charset=utf-8
cache-control: no-cache

[DEBUG] Adding key: http://localhost:7939 for channel [id: 0x30ad4d68, L:/127.0.0.1:57531 - R:localhost/127.0.0.1:7939]
[DEBUG] Using pooled Channel '[id: 0x30ad4d68, L:/127.0.0.1:57531 - R:localhost/127.0.0.1:7939]' for 'POST' to 'http://localhost:7939/session/c016d65bec9642c7a51801d4071ec3f3/element'
[DEBUG] Using open Channel [id: 0x30ad4d68, L:/127.0.0.1:57531 - R:localhost/127.0.0.1:7939] for POST '/session/c016d65bec9642c7a51801d4071ec3f3/element'
[DEBUG] 

Request DefaultHttpRequest(decodeResult: success, version: HTTP/1.1)
POST /session/c016d65bec9642c7a51801d4071ec3f3/element HTTP/1.1
User-Agent: selenium/4.9.0 (java windows)
Content-Length: 82
Content-Type: application/json; charset=utf-8
host: localhost:7939
accept: */*

Response DefaultHttpResponse(decodeResult: success, version: HTTP/1.1)
HTTP/1.1 200 OK
Content-Length: 95
Content-Type: application/json; charset=utf-8
cache-control: no-cache

[DEBUG] Adding key: http://localhost:7939 for channel [id: 0x30ad4d68, L:/127.0.0.1:57531 - R:localhost/127.0.0.1:7939]
[DEBUG] Using pooled Channel '[id: 0x30ad4d68, L:/127.0.0.1:57531 - R:localhost/127.0.0.1:7939]' for 'POST' to 'http://localhost:7939/session/c016d65bec9642c7a51801d4071ec3f3/execute/sync'
[DEBUG] Using open Channel [id: 0x30ad4d68, L:/127.0.0.1:57531 - R:localhost/127.0.0.1:7939] for POST '/session/c016d65bec9642c7a51801d4071ec3f3/execute/sync'
[DEBUG] 

Request DefaultHttpRequest(decodeResult: success, version: HTTP/1.1)
POST /session/c016d65bec9642c7a51801d4071ec3f3/execute/sync HTTP/1.1
User-Agent: selenium/4.9.0 (java windows)
Content-Length: 48814
Content-Type: application/json; charset=utf-8
host: localhost:7939
accept: */*

Response DefaultHttpResponse(decodeResult: success, version: HTTP/1.1)
HTTP/1.1 200 OK
Content-Length: 14
Content-Type: application/json; charset=utf-8
cache-control: no-cache

[DEBUG] Adding key: http://localhost:7939 for channel [id: 0x30ad4d68, L:/127.0.0.1:57531 - R:localhost/127.0.0.1:7939]
[DEBUG] Using pooled Channel '[id: 0x30ad4d68, L:/127.0.0.1:57531 - R:localhost/127.0.0.1:7939]' for 'POST' to 'http://localhost:7939/session/c016d65bec9642c7a51801d4071ec3f3/element'
[DEBUG] Using open Channel [id: 0x30ad4d68, L:/127.0.0.1:57531 - R:localhost/127.0.0.1:7939] for POST '/session/c016d65bec9642c7a51801d4071ec3f3/element'
[DEBUG] 

Request DefaultHttpRequest(decodeResult: success, version: HTTP/1.1)
POST /session/c016d65bec9642c7a51801d4071ec3f3/element HTTP/1.1
User-Agent: selenium/4.9.0 (java windows)
Content-Length: 82
Content-Type: application/json; charset=utf-8
host: localhost:7939
accept: */*

Response DefaultHttpResponse(decodeResult: success, version: HTTP/1.1)
HTTP/1.1 200 OK
Content-Length: 95
Content-Type: application/json; charset=utf-8
cache-control: no-cache

[DEBUG] Adding key: http://localhost:7939 for channel [id: 0x30ad4d68, L:/127.0.0.1:57531 - R:localhost/127.0.0.1:7939]
[DEBUG] Using pooled Channel '[id: 0x30ad4d68, L:/127.0.0.1:57531 - R:localhost/127.0.0.1:7939]' for 'GET' to 'http://localhost:7939/session/c016d65bec9642c7a51801d4071ec3f3/element/3ED2F6A3250768227F3FA4EDB2F5EE25_element_27/enabled'
[DEBUG] Using open Channel [id: 0x30ad4d68, L:/127.0.0.1:57531 - R:localhost/127.0.0.1:7939] for GET '/session/c016d65bec9642c7a51801d4071ec3f3/element/3ED2F6A3250768227F3FA4EDB2F5EE25_element_27/enabled'
[DEBUG] 

Request DefaultFullHttpRequest(decodeResult: success, version: HTTP/1.1, content: EmptyByteBufBE)
GET /session/c016d65bec9642c7a51801d4071ec3f3/element/3ED2F6A3250768227F3FA4EDB2F5EE25_element_27/enabled HTTP/1.1
User-Agent: selenium/4.9.0 (java windows)
Cache-Control: no-cache
Content-Type: application/json; charset=utf-8
host: localhost:7939
accept: */*

Response DefaultHttpResponse(decodeResult: success, version: HTTP/1.1)
HTTP/1.1 200 OK
Content-Length: 14
Content-Type: application/json; charset=utf-8
cache-control: no-cache

[DEBUG] Adding key: http://localhost:7939 for channel [id: 0x30ad4d68, L:/127.0.0.1:57531 - R:localhost/127.0.0.1:7939]
[DEBUG] Using pooled Channel '[id: 0x30ad4d68, L:/127.0.0.1:57531 - R:localhost/127.0.0.1:7939]' for 'POST' to 'http://localhost:7939/session/c016d65bec9642c7a51801d4071ec3f3/element'
[DEBUG] Using open Channel [id: 0x30ad4d68, L:/127.0.0.1:57531 - R:localhost/127.0.0.1:7939] for POST '/session/c016d65bec9642c7a51801d4071ec3f3/element'
[DEBUG] 

Request DefaultHttpRequest(decodeResult: success, version: HTTP/1.1)
POST /session/c016d65bec9642c7a51801d4071ec3f3/element HTTP/1.1
User-Agent: selenium/4.9.0 (java windows)
Content-Length: 84
Content-Type: application/json; charset=utf-8
host: localhost:7939
accept: */*

Response DefaultHttpResponse(decodeResult: success, version: HTTP/1.1)
HTTP/1.1 200 OK
Content-Length: 95
Content-Type: application/json; charset=utf-8
cache-control: no-cache

[DEBUG] Adding key: http://localhost:7939 for channel [id: 0x30ad4d68, L:/127.0.0.1:57531 - R:localhost/127.0.0.1:7939]
[DEBUG] Using pooled Channel '[id: 0x30ad4d68, L:/127.0.0.1:57531 - R:localhost/127.0.0.1:7939]' for 'POST' to 'http://localhost:7939/session/c016d65bec9642c7a51801d4071ec3f3/element/3ED2F6A3250768227F3FA4EDB2F5EE25_element_26/click'
[DEBUG] Using open Channel [id: 0x30ad4d68, L:/127.0.0.1:57531 - R:localhost/127.0.0.1:7939] for POST '/session/c016d65bec9642c7a51801d4071ec3f3/element/3ED2F6A3250768227F3FA4EDB2F5EE25_element_26/click'
[DEBUG] Entry count for : http://localhost:57532 : 1
[DEBUG] 

Request DefaultHttpRequest(decodeResult: success, version: HTTP/1.1)
POST /session/c016d65bec9642c7a51801d4071ec3f3/element/3ED2F6A3250768227F3FA4EDB2F5EE25_element_26/click HTTP/1.1
User-Agent: selenium/4.9.0 (java windows)
Content-Length: 57
Content-Type: application/json; charset=utf-8
host: localhost:7939
accept: */*

Response DefaultHttpResponse(decodeResult: success, version: HTTP/1.1)
HTTP/1.1 200 OK
Content-Length: 14
Content-Type: application/json; charset=utf-8
cache-control: no-cache

[DEBUG] Adding key: http://localhost:7939 for channel [id: 0x30ad4d68, L:/127.0.0.1:57531 - R:localhost/127.0.0.1:7939]
[DEBUG] Using pooled Channel '[id: 0x30ad4d68, L:/127.0.0.1:57531 - R:localhost/127.0.0.1:7939]' for 'POST' to 'http://localhost:7939/session/c016d65bec9642c7a51801d4071ec3f3/element'
[DEBUG] Using open Channel [id: 0x30ad4d68, L:/127.0.0.1:57531 - R:localhost/127.0.0.1:7939] for POST '/session/c016d65bec9642c7a51801d4071ec3f3/element'
[DEBUG] 

Request DefaultHttpRequest(decodeResult: success, version: HTTP/1.1)
POST /session/c016d65bec9642c7a51801d4071ec3f3/element HTTP/1.1
User-Agent: selenium/4.9.0 (java windows)
Content-Length: 82
Content-Type: application/json; charset=utf-8
host: localhost:7939
accept: */*

Response DefaultHttpResponse(decodeResult: success, version: HTTP/1.1)
HTTP/1.1 200 OK
Content-Length: 95
Content-Type: application/json; charset=utf-8
cache-control: no-cache

[DEBUG] Adding key: http://localhost:7939 for channel [id: 0x30ad4d68, L:/127.0.0.1:57531 - R:localhost/127.0.0.1:7939]
[DEBUG] Using pooled Channel '[id: 0x30ad4d68, L:/127.0.0.1:57531 - R:localhost/127.0.0.1:7939]' for 'POST' to 'http://localhost:7939/session/c016d65bec9642c7a51801d4071ec3f3/element/3ED2F6A3250768227F3FA4EDB2F5EE25_element_27/click'
[DEBUG] Using open Channel [id: 0x30ad4d68, L:/127.0.0.1:57531 - R:localhost/127.0.0.1:7939] for POST '/session/c016d65bec9642c7a51801d4071ec3f3/element/3ED2F6A3250768227F3FA4EDB2F5EE25_element_27/click'
[DEBUG] Entry count for : http://localhost:57532 : 1
[DEBUG] 

Request DefaultHttpRequest(decodeResult: success, version: HTTP/1.1)
POST /session/c016d65bec9642c7a51801d4071ec3f3/element/3ED2F6A3250768227F3FA4EDB2F5EE25_element_27/click HTTP/1.1
User-Agent: selenium/4.9.0 (java windows)
Content-Length: 57
Content-Type: application/json; charset=utf-8
host: localhost:7939
accept: */*

Response DefaultHttpResponse(decodeResult: success, version: HTTP/1.1)
HTTP/1.1 200 OK
Content-Length: 14
Content-Type: application/json; charset=utf-8
cache-control: no-cache

[DEBUG] Adding key: http://localhost:7939 for channel [id: 0x30ad4d68, L:/127.0.0.1:57531 - R:localhost/127.0.0.1:7939]
[DEBUG] Using pooled Channel '[id: 0x30ad4d68, L:/127.0.0.1:57531 - R:localhost/127.0.0.1:7939]' for 'GET' to 'http://localhost:7939/session/c016d65bec9642c7a51801d4071ec3f3/window'
[DEBUG] Using open Channel [id: 0x30ad4d68, L:/127.0.0.1:57531 - R:localhost/127.0.0.1:7939] for GET '/session/c016d65bec9642c7a51801d4071ec3f3/window'
[DEBUG] 

Request DefaultFullHttpRequest(decodeResult: success, version: HTTP/1.1, content: EmptyByteBufBE)
GET /session/c016d65bec9642c7a51801d4071ec3f3/window HTTP/1.1
User-Agent: selenium/4.9.0 (java windows)
Cache-Control: no-cache
Content-Type: application/json; charset=utf-8
host: localhost:7939
accept: */*

Response DefaultHttpResponse(decodeResult: success, version: HTTP/1.1)
HTTP/1.1 200 OK
Content-Length: 44
Content-Type: application/json; charset=utf-8
cache-control: no-cache

[DEBUG] Adding key: http://localhost:7939 for channel [id: 0x30ad4d68, L:/127.0.0.1:57531 - R:localhost/127.0.0.1:7939]
[DEBUG] Using pooled Channel '[id: 0x30ad4d68, L:/127.0.0.1:57531 - R:localhost/127.0.0.1:7939]' for 'POST' to 'http://localhost:7939/session/c016d65bec9642c7a51801d4071ec3f3/window'
[DEBUG] Using open Channel [id: 0x30ad4d68, L:/127.0.0.1:57531 - R:localhost/127.0.0.1:7939] for POST '/session/c016d65bec9642c7a51801d4071ec3f3/window'
[DEBUG] 

Request DefaultHttpRequest(decodeResult: success, version: HTTP/1.1)
POST /session/c016d65bec9642c7a51801d4071ec3f3/window HTTP/1.1
User-Agent: selenium/4.9.0 (java windows)
Content-Length: 50
Content-Type: application/json; charset=utf-8
host: localhost:7939
accept: */*

Response DefaultHttpResponse(decodeResult: success, version: HTTP/1.1)
HTTP/1.1 200 OK
Content-Length: 14
Content-Type: application/json; charset=utf-8
cache-control: no-cache

[DEBUG] Adding key: http://localhost:7939 for channel [id: 0x30ad4d68, L:/127.0.0.1:57531 - R:localhost/127.0.0.1:7939]
[DEBUG] Using pooled Channel '[id: 0x30ad4d68, L:/127.0.0.1:57531 - R:localhost/127.0.0.1:7939]' for 'GET' to 'http://localhost:7939/session/c016d65bec9642c7a51801d4071ec3f3/title'
[DEBUG] Using open Channel [id: 0x30ad4d68, L:/127.0.0.1:57531 - R:localhost/127.0.0.1:7939] for GET '/session/c016d65bec9642c7a51801d4071ec3f3/title'
[DEBUG] 

Request DefaultFullHttpRequest(decodeResult: success, version: HTTP/1.1, content: EmptyByteBufBE)
GET /session/c016d65bec9642c7a51801d4071ec3f3/title HTTP/1.1
User-Agent: selenium/4.9.0 (java windows)
Cache-Control: no-cache
Content-Type: application/json; charset=utf-8
host: localhost:7939
accept: */*

Response DefaultHttpResponse(decodeResult: success, version: HTTP/1.1)
HTTP/1.1 200 OK
Content-Length: 77
Content-Type: application/json; charset=utf-8
cache-control: no-cache

[DEBUG] Adding key: http://localhost:7939 for channel [id: 0x30ad4d68, L:/127.0.0.1:57531 - R:localhost/127.0.0.1:7939]
[DEBUG] Using pooled Channel '[id: 0x30ad4d68, L:/127.0.0.1:57531 - R:localhost/127.0.0.1:7939]' for 'POST' to 'http://localhost:7939/session/c016d65bec9642c7a51801d4071ec3f3/element'
[DEBUG] Using open Channel [id: 0x30ad4d68, L:/127.0.0.1:57531 - R:localhost/127.0.0.1:7939] for POST '/session/c016d65bec9642c7a51801d4071ec3f3/element'
[DEBUG] 

Request DefaultHttpRequest(decodeResult: success, version: HTTP/1.1)
POST /session/c016d65bec9642c7a51801d4071ec3f3/element HTTP/1.1
User-Agent: selenium/4.9.0 (java windows)
Content-Length: 47
Content-Type: application/json; charset=utf-8
host: localhost:7939
accept: */*

Response DefaultHttpResponse(decodeResult: success, version: HTTP/1.1)
HTTP/1.1 404 Not Found
Content-Length: 958
Content-Type: application/json; charset=utf-8
cache-control: no-cache

[DEBUG] Adding key: http://localhost:7939 for channel [id: 0x30ad4d68, L:/127.0.0.1:57531 - R:localhost/127.0.0.1:7939]
[DEBUG] Entry count for : http://localhost:57532 : 1
[DEBUG] Entry count for : http://localhost:7939 : 1
[DEBUG] Using pooled Channel '[id: 0x30ad4d68, L:/127.0.0.1:57531 - R:localhost/127.0.0.1:7939]' for 'POST' to 'http://localhost:7939/session/c016d65bec9642c7a51801d4071ec3f3/element'
[DEBUG] Using open Channel [id: 0x30ad4d68, L:/127.0.0.1:57531 - R:localhost/127.0.0.1:7939] for POST '/session/c016d65bec9642c7a51801d4071ec3f3/element'
[DEBUG] 

Request DefaultHttpRequest(decodeResult: success, version: HTTP/1.1)
POST /session/c016d65bec9642c7a51801d4071ec3f3/element HTTP/1.1
User-Agent: selenium/4.9.0 (java windows)
Content-Length: 47
Content-Type: application/json; charset=utf-8
host: localhost:7939
accept: */*

Response DefaultHttpResponse(decodeResult: success, version: HTTP/1.1)
HTTP/1.1 200 OK
Content-Length: 95
Content-Type: application/json; charset=utf-8
cache-control: no-cache

[DEBUG] Adding key: http://localhost:7939 for channel [id: 0x30ad4d68, L:/127.0.0.1:57531 - R:localhost/127.0.0.1:7939]
[DEBUG] Using pooled Channel '[id: 0x30ad4d68, L:/127.0.0.1:57531 - R:localhost/127.0.0.1:7939]' for 'POST' to 'http://localhost:7939/session/c016d65bec9642c7a51801d4071ec3f3/execute/sync'
[DEBUG] Using open Channel [id: 0x30ad4d68, L:/127.0.0.1:57531 - R:localhost/127.0.0.1:7939] for POST '/session/c016d65bec9642c7a51801d4071ec3f3/execute/sync'
[DEBUG] 

Request DefaultHttpRequest(decodeResult: success, version: HTTP/1.1)
POST /session/c016d65bec9642c7a51801d4071ec3f3/execute/sync HTTP/1.1
User-Agent: selenium/4.9.0 (java windows)
Content-Length: 48814
Content-Type: application/json; charset=utf-8
host: localhost:7939
accept: */*

Response DefaultHttpResponse(decodeResult: success, version: HTTP/1.1)
HTTP/1.1 200 OK
Content-Length: 14
Content-Type: application/json; charset=utf-8
cache-control: no-cache

[DEBUG] Adding key: http://localhost:7939 for channel [id: 0x30ad4d68, L:/127.0.0.1:57531 - R:localhost/127.0.0.1:7939]
[DEBUG] Using pooled Channel '[id: 0x30ad4d68, L:/127.0.0.1:57531 - R:localhost/127.0.0.1:7939]' for 'POST' to 'http://localhost:7939/session/c016d65bec9642c7a51801d4071ec3f3/element'
[DEBUG] Using open Channel [id: 0x30ad4d68, L:/127.0.0.1:57531 - R:localhost/127.0.0.1:7939] for POST '/session/c016d65bec9642c7a51801d4071ec3f3/element'
[DEBUG] 

Request DefaultHttpRequest(decodeResult: success, version: HTTP/1.1)
POST /session/c016d65bec9642c7a51801d4071ec3f3/element HTTP/1.1
User-Agent: selenium/4.9.0 (java windows)
Content-Length: 47
Content-Type: application/json; charset=utf-8
host: localhost:7939
accept: */*

Response DefaultHttpResponse(decodeResult: success, version: HTTP/1.1)
HTTP/1.1 200 OK
Content-Length: 95
Content-Type: application/json; charset=utf-8
cache-control: no-cache

[DEBUG] Adding key: http://localhost:7939 for channel [id: 0x30ad4d68, L:/127.0.0.1:57531 - R:localhost/127.0.0.1:7939]
[DEBUG] Using pooled Channel '[id: 0x30ad4d68, L:/127.0.0.1:57531 - R:localhost/127.0.0.1:7939]' for 'POST' to 'http://localhost:7939/session/c016d65bec9642c7a51801d4071ec3f3/execute/sync'
[DEBUG] Using open Channel [id: 0x30ad4d68, L:/127.0.0.1:57531 - R:localhost/127.0.0.1:7939] for POST '/session/c016d65bec9642c7a51801d4071ec3f3/execute/sync'
[DEBUG] 

Request DefaultHttpRequest(decodeResult: success, version: HTTP/1.1)
POST /session/c016d65bec9642c7a51801d4071ec3f3/execute/sync HTTP/1.1
User-Agent: selenium/4.9.0 (java windows)
Content-Length: 48814
Content-Type: application/json; charset=utf-8
host: localhost:7939
accept: */*

Response DefaultHttpResponse(decodeResult: success, version: HTTP/1.1)
HTTP/1.1 200 OK
Content-Length: 14
Content-Type: application/json; charset=utf-8
cache-control: no-cache

[DEBUG] Adding key: http://localhost:7939 for channel [id: 0x30ad4d68, L:/127.0.0.1:57531 - R:localhost/127.0.0.1:7939]
[DEBUG] Using pooled Channel '[id: 0x30ad4d68, L:/127.0.0.1:57531 - R:localhost/127.0.0.1:7939]' for 'POST' to 'http://localhost:7939/session/c016d65bec9642c7a51801d4071ec3f3/element'
[DEBUG] Using open Channel [id: 0x30ad4d68, L:/127.0.0.1:57531 - R:localhost/127.0.0.1:7939] for POST '/session/c016d65bec9642c7a51801d4071ec3f3/element'
[DEBUG] 

Request DefaultHttpRequest(decodeResult: success, version: HTTP/1.1)
POST /session/c016d65bec9642c7a51801d4071ec3f3/element HTTP/1.1
User-Agent: selenium/4.9.0 (java windows)
Content-Length: 47
Content-Type: application/json; charset=utf-8
host: localhost:7939
accept: */*

Response DefaultHttpResponse(decodeResult: success, version: HTTP/1.1)
HTTP/1.1 200 OK
Content-Length: 95
Content-Type: application/json; charset=utf-8
cache-control: no-cache

[DEBUG] Adding key: http://localhost:7939 for channel [id: 0x30ad4d68, L:/127.0.0.1:57531 - R:localhost/127.0.0.1:7939]
[DEBUG] Using pooled Channel '[id: 0x30ad4d68, L:/127.0.0.1:57531 - R:localhost/127.0.0.1:7939]' for 'GET' to 'http://localhost:7939/session/c016d65bec9642c7a51801d4071ec3f3/element/7B42CC636246FDA4EB16CE05D239DAD2_element_33/enabled'
[DEBUG] Using open Channel [id: 0x30ad4d68, L:/127.0.0.1:57531 - R:localhost/127.0.0.1:7939] for GET '/session/c016d65bec9642c7a51801d4071ec3f3/element/7B42CC636246FDA4EB16CE05D239DAD2_element_33/enabled'
[DEBUG] 

Request DefaultFullHttpRequest(decodeResult: success, version: HTTP/1.1, content: EmptyByteBufBE)
GET /session/c016d65bec9642c7a51801d4071ec3f3/element/7B42CC636246FDA4EB16CE05D239DAD2_element_33/enabled HTTP/1.1
User-Agent: selenium/4.9.0 (java windows)
Cache-Control: no-cache
Content-Type: application/json; charset=utf-8
host: localhost:7939
accept: */*

Response DefaultHttpResponse(decodeResult: success, version: HTTP/1.1)
HTTP/1.1 200 OK
Content-Length: 14
Content-Type: application/json; charset=utf-8
cache-control: no-cache

[DEBUG] Adding key: http://localhost:7939 for channel [id: 0x30ad4d68, L:/127.0.0.1:57531 - R:localhost/127.0.0.1:7939]
[DEBUG] Using pooled Channel '[id: 0x30ad4d68, L:/127.0.0.1:57531 - R:localhost/127.0.0.1:7939]' for 'POST' to 'http://localhost:7939/session/c016d65bec9642c7a51801d4071ec3f3/element'
[DEBUG] Using open Channel [id: 0x30ad4d68, L:/127.0.0.1:57531 - R:localhost/127.0.0.1:7939] for POST '/session/c016d65bec9642c7a51801d4071ec3f3/element'
[DEBUG] 

Request DefaultHttpRequest(decodeResult: success, version: HTTP/1.1)
POST /session/c016d65bec9642c7a51801d4071ec3f3/element HTTP/1.1
User-Agent: selenium/4.9.0 (java windows)
Content-Length: 47
Content-Type: application/json; charset=utf-8
host: localhost:7939
accept: */*

Response DefaultHttpResponse(decodeResult: success, version: HTTP/1.1)
HTTP/1.1 200 OK
Content-Length: 95
Content-Type: application/json; charset=utf-8
cache-control: no-cache

[DEBUG] Adding key: http://localhost:7939 for channel [id: 0x30ad4d68, L:/127.0.0.1:57531 - R:localhost/127.0.0.1:7939]
[DEBUG] Using pooled Channel '[id: 0x30ad4d68, L:/127.0.0.1:57531 - R:localhost/127.0.0.1:7939]' for 'POST' to 'http://localhost:7939/session/c016d65bec9642c7a51801d4071ec3f3/element/7B42CC636246FDA4EB16CE05D239DAD2_element_33/click'
[DEBUG] Using open Channel [id: 0x30ad4d68, L:/127.0.0.1:57531 - R:localhost/127.0.0.1:7939] for POST '/session/c016d65bec9642c7a51801d4071ec3f3/element/7B42CC636246FDA4EB16CE05D239DAD2_element_33/click'
[DEBUG] 

Request DefaultHttpRequest(decodeResult: success, version: HTTP/1.1)
POST /session/c016d65bec9642c7a51801d4071ec3f3/element/7B42CC636246FDA4EB16CE05D239DAD2_element_33/click HTTP/1.1
User-Agent: selenium/4.9.0 (java windows)
Content-Length: 57
Content-Type: application/json; charset=utf-8
host: localhost:7939
accept: */*

Response DefaultHttpResponse(decodeResult: success, version: HTTP/1.1)
HTTP/1.1 200 OK
Content-Length: 14
Content-Type: application/json; charset=utf-8
cache-control: no-cache

[DEBUG] Adding key: http://localhost:7939 for channel [id: 0x30ad4d68, L:/127.0.0.1:57531 - R:localhost/127.0.0.1:7939]
[DEBUG] Using pooled Channel '[id: 0x30ad4d68, L:/127.0.0.1:57531 - R:localhost/127.0.0.1:7939]' for 'POST' to 'http://localhost:7939/session/c016d65bec9642c7a51801d4071ec3f3/element'
[DEBUG] Using open Channel [id: 0x30ad4d68, L:/127.0.0.1:57531 - R:localhost/127.0.0.1:7939] for POST '/session/c016d65bec9642c7a51801d4071ec3f3/element'
[DEBUG] Entry count for : http://localhost:57532 : 1
[DEBUG] 

Request DefaultHttpRequest(decodeResult: success, version: HTTP/1.1)
POST /session/c016d65bec9642c7a51801d4071ec3f3/element HTTP/1.1
User-Agent: selenium/4.9.0 (java windows)
Content-Length: 71
Content-Type: application/json; charset=utf-8
host: localhost:7939
accept: */*

Response DefaultHttpResponse(decodeResult: success, version: HTTP/1.1)
HTTP/1.1 404 Not Found
Content-Length: 982
Content-Type: application/json; charset=utf-8
cache-control: no-cache

[DEBUG] Adding key: http://localhost:7939 for channel [id: 0x30ad4d68, L:/127.0.0.1:57531 - R:localhost/127.0.0.1:7939]
[DEBUG] Using pooled Channel '[id: 0x30ad4d68, L:/127.0.0.1:57531 - R:localhost/127.0.0.1:7939]' for 'POST' to 'http://localhost:7939/session/c016d65bec9642c7a51801d4071ec3f3/element'
[DEBUG] Using open Channel [id: 0x30ad4d68, L:/127.0.0.1:57531 - R:localhost/127.0.0.1:7939] for POST '/session/c016d65bec9642c7a51801d4071ec3f3/element'
[DEBUG] 

Request DefaultHttpRequest(decodeResult: success, version: HTTP/1.1)
POST /session/c016d65bec9642c7a51801d4071ec3f3/element HTTP/1.1
User-Agent: selenium/4.9.0 (java windows)
Content-Length: 71
Content-Type: application/json; charset=utf-8
host: localhost:7939
accept: */*

Response DefaultHttpResponse(decodeResult: success, version: HTTP/1.1)
HTTP/1.1 404 Not Found
Content-Length: 982
Content-Type: application/json; charset=utf-8
cache-control: no-cache

[DEBUG] Adding key: http://localhost:7939 for channel [id: 0x30ad4d68, L:/127.0.0.1:57531 - R:localhost/127.0.0.1:7939]
[DEBUG] Entry count for : http://localhost:57532 : 1
[DEBUG] Entry count for : http://localhost:7939 : 1
[DEBUG] Using pooled Channel '[id: 0x30ad4d68, L:/127.0.0.1:57531 - R:localhost/127.0.0.1:7939]' for 'POST' to 'http://localhost:7939/session/c016d65bec9642c7a51801d4071ec3f3/element'
[DEBUG] Using open Channel [id: 0x30ad4d68, L:/127.0.0.1:57531 - R:localhost/127.0.0.1:7939] for POST '/session/c016d65bec9642c7a51801d4071ec3f3/element'
[DEBUG] 

Request DefaultHttpRequest(decodeResult: success, version: HTTP/1.1)
POST /session/c016d65bec9642c7a51801d4071ec3f3/element HTTP/1.1
User-Agent: selenium/4.9.0 (java windows)
Content-Length: 71
Content-Type: application/json; charset=utf-8
host: localhost:7939
accept: */*

Response DefaultHttpResponse(decodeResult: success, version: HTTP/1.1)
HTTP/1.1 404 Not Found
Content-Length: 982
Content-Type: application/json; charset=utf-8
cache-control: no-cache

[DEBUG] Adding key: http://localhost:7939 for channel [id: 0x30ad4d68, L:/127.0.0.1:57531 - R:localhost/127.0.0.1:7939]
[DEBUG] Using pooled Channel '[id: 0x30ad4d68, L:/127.0.0.1:57531 - R:localhost/127.0.0.1:7939]' for 'POST' to 'http://localhost:7939/session/c016d65bec9642c7a51801d4071ec3f3/element'
[DEBUG] Using open Channel [id: 0x30ad4d68, L:/127.0.0.1:57531 - R:localhost/127.0.0.1:7939] for POST '/session/c016d65bec9642c7a51801d4071ec3f3/element'
[DEBUG] 

Request DefaultHttpRequest(decodeResult: success, version: HTTP/1.1)
POST /session/c016d65bec9642c7a51801d4071ec3f3/element HTTP/1.1
User-Agent: selenium/4.9.0 (java windows)
Content-Length: 71
Content-Type: application/json; charset=utf-8
host: localhost:7939
accept: */*

Response DefaultHttpResponse(decodeResult: success, version: HTTP/1.1)
HTTP/1.1 404 Not Found
Content-Length: 982
Content-Type: application/json; charset=utf-8
cache-control: no-cache

[DEBUG] Adding key: http://localhost:7939 for channel [id: 0x30ad4d68, L:/127.0.0.1:57531 - R:localhost/127.0.0.1:7939]
[DEBUG] Entry count for : http://localhost:57532 : 1
[DEBUG] Entry count for : http://localhost:7939 : 1
[DEBUG] Using pooled Channel '[id: 0x30ad4d68, L:/127.0.0.1:57531 - R:localhost/127.0.0.1:7939]' for 'POST' to 'http://localhost:7939/session/c016d65bec9642c7a51801d4071ec3f3/element'
[DEBUG] Using open Channel [id: 0x30ad4d68, L:/127.0.0.1:57531 - R:localhost/127.0.0.1:7939] for POST '/session/c016d65bec9642c7a51801d4071ec3f3/element'
[DEBUG] 

Request DefaultHttpRequest(decodeResult: success, version: HTTP/1.1)
POST /session/c016d65bec9642c7a51801d4071ec3f3/element HTTP/1.1
User-Agent: selenium/4.9.0 (java windows)
Content-Length: 71
Content-Type: application/json; charset=utf-8
host: localhost:7939
accept: */*

Response DefaultHttpResponse(decodeResult: success, version: HTTP/1.1)
HTTP/1.1 404 Not Found
Content-Length: 982
Content-Type: application/json; charset=utf-8
cache-control: no-cache

[DEBUG] Adding key: http://localhost:7939 for channel [id: 0x30ad4d68, L:/127.0.0.1:57531 - R:localhost/127.0.0.1:7939]
[DEBUG] Using pooled Channel '[id: 0x30ad4d68, L:/127.0.0.1:57531 - R:localhost/127.0.0.1:7939]' for 'POST' to 'http://localhost:7939/session/c016d65bec9642c7a51801d4071ec3f3/element'
[DEBUG] Using open Channel [id: 0x30ad4d68, L:/127.0.0.1:57531 - R:localhost/127.0.0.1:7939] for POST '/session/c016d65bec9642c7a51801d4071ec3f3/element'
[DEBUG] 

Request DefaultHttpRequest(decodeResult: success, version: HTTP/1.1)
POST /session/c016d65bec9642c7a51801d4071ec3f3/element HTTP/1.1
User-Agent: selenium/4.9.0 (java windows)
Content-Length: 71
Content-Type: application/json; charset=utf-8
host: localhost:7939
accept: */*

Response DefaultHttpResponse(decodeResult: success, version: HTTP/1.1)
HTTP/1.1 404 Not Found
Content-Length: 982
Content-Type: application/json; charset=utf-8
cache-control: no-cache

[DEBUG] Adding key: http://localhost:7939 for channel [id: 0x30ad4d68, L:/127.0.0.1:57531 - R:localhost/127.0.0.1:7939]
[DEBUG] Entry count for : http://localhost:57532 : 1
[DEBUG] Entry count for : http://localhost:7939 : 1
[DEBUG] Using pooled Channel '[id: 0x30ad4d68, L:/127.0.0.1:57531 - R:localhost/127.0.0.1:7939]' for 'POST' to 'http://localhost:7939/session/c016d65bec9642c7a51801d4071ec3f3/element'
[DEBUG] Using open Channel [id: 0x30ad4d68, L:/127.0.0.1:57531 - R:localhost/127.0.0.1:7939] for POST '/session/c016d65bec9642c7a51801d4071ec3f3/element'
[DEBUG] 

Request DefaultHttpRequest(decodeResult: success, version: HTTP/1.1)
POST /session/c016d65bec9642c7a51801d4071ec3f3/element HTTP/1.1
User-Agent: selenium/4.9.0 (java windows)
Content-Length: 71
Content-Type: application/json; charset=utf-8
host: localhost:7939
accept: */*

Response DefaultHttpResponse(decodeResult: success, version: HTTP/1.1)
HTTP/1.1 404 Not Found
Content-Length: 982
Content-Type: application/json; charset=utf-8
cache-control: no-cache

[DEBUG] Adding key: http://localhost:7939 for channel [id: 0x30ad4d68, L:/127.0.0.1:57531 - R:localhost/127.0.0.1:7939]
[DEBUG] Using pooled Channel '[id: 0x30ad4d68, L:/127.0.0.1:57531 - R:localhost/127.0.0.1:7939]' for 'POST' to 'http://localhost:7939/session/c016d65bec9642c7a51801d4071ec3f3/element'
[DEBUG] Using open Channel [id: 0x30ad4d68, L:/127.0.0.1:57531 - R:localhost/127.0.0.1:7939] for POST '/session/c016d65bec9642c7a51801d4071ec3f3/element'
[DEBUG] 

Request DefaultHttpRequest(decodeResult: success, version: HTTP/1.1)
POST /session/c016d65bec9642c7a51801d4071ec3f3/element HTTP/1.1
User-Agent: selenium/4.9.0 (java windows)
Content-Length: 71
Content-Type: application/json; charset=utf-8
host: localhost:7939
accept: */*

Response DefaultHttpResponse(decodeResult: success, version: HTTP/1.1)
HTTP/1.1 404 Not Found
Content-Length: 982
Content-Type: application/json; charset=utf-8
cache-control: no-cache

[DEBUG] Adding key: http://localhost:7939 for channel [id: 0x30ad4d68, L:/127.0.0.1:57531 - R:localhost/127.0.0.1:7939]
[DEBUG] Entry count for : http://localhost:57532 : 1
[DEBUG] Entry count for : http://localhost:7939 : 1
[DEBUG] Using pooled Channel '[id: 0x30ad4d68, L:/127.0.0.1:57531 - R:localhost/127.0.0.1:7939]' for 'POST' to 'http://localhost:7939/session/c016d65bec9642c7a51801d4071ec3f3/element'
[DEBUG] Using open Channel [id: 0x30ad4d68, L:/127.0.0.1:57531 - R:localhost/127.0.0.1:7939] for POST '/session/c016d65bec9642c7a51801d4071ec3f3/element'
[DEBUG] 

Request DefaultHttpRequest(decodeResult: success, version: HTTP/1.1)
POST /session/c016d65bec9642c7a51801d4071ec3f3/element HTTP/1.1
User-Agent: selenium/4.9.0 (java windows)
Content-Length: 71
Content-Type: application/json; charset=utf-8
host: localhost:7939
accept: */*

Response DefaultHttpResponse(decodeResult: success, version: HTTP/1.1)
HTTP/1.1 404 Not Found
Content-Length: 982
Content-Type: application/json; charset=utf-8
cache-control: no-cache

[DEBUG] Adding key: http://localhost:7939 for channel [id: 0x30ad4d68, L:/127.0.0.1:57531 - R:localhost/127.0.0.1:7939]
[DEBUG] Entry count for : http://localhost:57532 : 1
[DEBUG] Entry count for : http://localhost:7939 : 1
[DEBUG] Using pooled Channel '[id: 0x30ad4d68, L:/127.0.0.1:57531 - R:localhost/127.0.0.1:7939]' for 'POST' to 'http://localhost:7939/session/c016d65bec9642c7a51801d4071ec3f3/element'
[DEBUG] Using open Channel [id: 0x30ad4d68, L:/127.0.0.1:57531 - R:localhost/127.0.0.1:7939] for POST '/session/c016d65bec9642c7a51801d4071ec3f3/element'
[DEBUG] 

Request DefaultHttpRequest(decodeResult: success, version: HTTP/1.1)
POST /session/c016d65bec9642c7a51801d4071ec3f3/element HTTP/1.1
User-Agent: selenium/4.9.0 (java windows)
Content-Length: 71
Content-Type: application/json; charset=utf-8
host: localhost:7939
accept: */*

Response DefaultHttpResponse(decodeResult: success, version: HTTP/1.1)
HTTP/1.1 404 Not Found
Content-Length: 982
Content-Type: application/json; charset=utf-8
cache-control: no-cache

[DEBUG] Adding key: http://localhost:7939 for channel [id: 0x30ad4d68, L:/127.0.0.1:57531 - R:localhost/127.0.0.1:7939]
[DEBUG] Using pooled Channel '[id: 0x30ad4d68, L:/127.0.0.1:57531 - R:localhost/127.0.0.1:7939]' for 'POST' to 'http://localhost:7939/session/c016d65bec9642c7a51801d4071ec3f3/element'
[DEBUG] Using open Channel [id: 0x30ad4d68, L:/127.0.0.1:57531 - R:localhost/127.0.0.1:7939] for POST '/session/c016d65bec9642c7a51801d4071ec3f3/element'
[DEBUG] 

Request DefaultHttpRequest(decodeResult: success, version: HTTP/1.1)
POST /session/c016d65bec9642c7a51801d4071ec3f3/element HTTP/1.1
User-Agent: selenium/4.9.0 (java windows)
Content-Length: 71
Content-Type: application/json; charset=utf-8
host: localhost:7939
accept: */*

Response DefaultHttpResponse(decodeResult: success, version: HTTP/1.1)
HTTP/1.1 404 Not Found
Content-Length: 982
Content-Type: application/json; charset=utf-8
cache-control: no-cache

[DEBUG] Adding key: http://localhost:7939 for channel [id: 0x30ad4d68, L:/127.0.0.1:57531 - R:localhost/127.0.0.1:7939]
[DEBUG] Entry count for : http://localhost:57532 : 1
[DEBUG] Entry count for : http://localhost:7939 : 1
[DEBUG] Using pooled Channel '[id: 0x30ad4d68, L:/127.0.0.1:57531 - R:localhost/127.0.0.1:7939]' for 'POST' to 'http://localhost:7939/session/c016d65bec9642c7a51801d4071ec3f3/element'
[DEBUG] Using open Channel [id: 0x30ad4d68, L:/127.0.0.1:57531 - R:localhost/127.0.0.1:7939] for POST '/session/c016d65bec9642c7a51801d4071ec3f3/element'
[DEBUG] 

Request DefaultHttpRequest(decodeResult: success, version: HTTP/1.1)
POST /session/c016d65bec9642c7a51801d4071ec3f3/element HTTP/1.1
User-Agent: selenium/4.9.0 (java windows)
Content-Length: 71
Content-Type: application/json; charset=utf-8
host: localhost:7939
accept: */*

Response DefaultHttpResponse(decodeResult: success, version: HTTP/1.1)
HTTP/1.1 404 Not Found
Content-Length: 982
Content-Type: application/json; charset=utf-8
cache-control: no-cache

[DEBUG] Adding key: http://localhost:7939 for channel [id: 0x30ad4d68, L:/127.0.0.1:57531 - R:localhost/127.0.0.1:7939]
[DEBUG] Using pooled Channel '[id: 0x30ad4d68, L:/127.0.0.1:57531 - R:localhost/127.0.0.1:7939]' for 'POST' to 'http://localhost:7939/session/c016d65bec9642c7a51801d4071ec3f3/element'
[DEBUG] Using open Channel [id: 0x30ad4d68, L:/127.0.0.1:57531 - R:localhost/127.0.0.1:7939] for POST '/session/c016d65bec9642c7a51801d4071ec3f3/element'
[DEBUG] 

Request DefaultHttpRequest(decodeResult: success, version: HTTP/1.1)
POST /session/c016d65bec9642c7a51801d4071ec3f3/element HTTP/1.1
User-Agent: selenium/4.9.0 (java windows)
Content-Length: 71
Content-Type: application/json; charset=utf-8
host: localhost:7939
accept: */*

Response DefaultHttpResponse(decodeResult: success, version: HTTP/1.1)
HTTP/1.1 404 Not Found
Content-Length: 982
Content-Type: application/json; charset=utf-8
cache-control: no-cache

[DEBUG] Adding key: http://localhost:7939 for channel [id: 0x30ad4d68, L:/127.0.0.1:57531 - R:localhost/127.0.0.1:7939]
[DEBUG] Entry count for : http://localhost:57532 : 1
[DEBUG] Entry count for : http://localhost:7939 : 1
[DEBUG] Using pooled Channel '[id: 0x30ad4d68, L:/127.0.0.1:57531 - R:localhost/127.0.0.1:7939]' for 'POST' to 'http://localhost:7939/session/c016d65bec9642c7a51801d4071ec3f3/element'
[DEBUG] Using open Channel [id: 0x30ad4d68, L:/127.0.0.1:57531 - R:localhost/127.0.0.1:7939] for POST '/session/c016d65bec9642c7a51801d4071ec3f3/element'
[DEBUG] 

Request DefaultHttpRequest(decodeResult: success, version: HTTP/1.1)
POST /session/c016d65bec9642c7a51801d4071ec3f3/element HTTP/1.1
User-Agent: selenium/4.9.0 (java windows)
Content-Length: 71
Content-Type: application/json; charset=utf-8
host: localhost:7939
accept: */*

Response DefaultHttpResponse(decodeResult: success, version: HTTP/1.1)
HTTP/1.1 404 Not Found
Content-Length: 982
Content-Type: application/json; charset=utf-8
cache-control: no-cache

[DEBUG] Adding key: http://localhost:7939 for channel [id: 0x30ad4d68, L:/127.0.0.1:57531 - R:localhost/127.0.0.1:7939]
[DEBUG] Using pooled Channel '[id: 0x30ad4d68, L:/127.0.0.1:57531 - R:localhost/127.0.0.1:7939]' for 'POST' to 'http://localhost:7939/session/c016d65bec9642c7a51801d4071ec3f3/element'
[DEBUG] Using open Channel [id: 0x30ad4d68, L:/127.0.0.1:57531 - R:localhost/127.0.0.1:7939] for POST '/session/c016d65bec9642c7a51801d4071ec3f3/element'
[DEBUG] 

Request DefaultHttpRequest(decodeResult: success, version: HTTP/1.1)
POST /session/c016d65bec9642c7a51801d4071ec3f3/element HTTP/1.1
User-Agent: selenium/4.9.0 (java windows)
Content-Length: 71
Content-Type: application/json; charset=utf-8
host: localhost:7939
accept: */*

Response DefaultHttpResponse(decodeResult: success, version: HTTP/1.1)
HTTP/1.1 404 Not Found
Content-Length: 982
Content-Type: application/json; charset=utf-8
cache-control: no-cache

[DEBUG] Adding key: http://localhost:7939 for channel [id: 0x30ad4d68, L:/127.0.0.1:57531 - R:localhost/127.0.0.1:7939]
[DEBUG] Entry count for : http://localhost:57532 : 1
[DEBUG] Entry count for : http://localhost:7939 : 1
[DEBUG] Using pooled Channel '[id: 0x30ad4d68, L:/127.0.0.1:57531 - R:localhost/127.0.0.1:7939]' for 'POST' to 'http://localhost:7939/session/c016d65bec9642c7a51801d4071ec3f3/element'
[DEBUG] Using open Channel [id: 0x30ad4d68, L:/127.0.0.1:57531 - R:localhost/127.0.0.1:7939] for POST '/session/c016d65bec9642c7a51801d4071ec3f3/element'
[DEBUG] 

Request DefaultHttpRequest(decodeResult: success, version: HTTP/1.1)
POST /session/c016d65bec9642c7a51801d4071ec3f3/element HTTP/1.1
User-Agent: selenium/4.9.0 (java windows)
Content-Length: 71
Content-Type: application/json; charset=utf-8
host: localhost:7939
accept: */*

Response DefaultHttpResponse(decodeResult: success, version: HTTP/1.1)
HTTP/1.1 404 Not Found
Content-Length: 982
Content-Type: application/json; charset=utf-8
cache-control: no-cache

[DEBUG] Adding key: http://localhost:7939 for channel [id: 0x30ad4d68, L:/127.0.0.1:57531 - R:localhost/127.0.0.1:7939]
[DEBUG] Using pooled Channel '[id: 0x30ad4d68, L:/127.0.0.1:57531 - R:localhost/127.0.0.1:7939]' for 'POST' to 'http://localhost:7939/session/c016d65bec9642c7a51801d4071ec3f3/element'
[DEBUG] Using open Channel [id: 0x30ad4d68, L:/127.0.0.1:57531 - R:localhost/127.0.0.1:7939] for POST '/session/c016d65bec9642c7a51801d4071ec3f3/element'
[DEBUG] 

Request DefaultHttpRequest(decodeResult: success, version: HTTP/1.1)
POST /session/c016d65bec9642c7a51801d4071ec3f3/element HTTP/1.1
User-Agent: selenium/4.9.0 (java windows)
Content-Length: 71
Content-Type: application/json; charset=utf-8
host: localhost:7939
accept: */*

Response DefaultHttpResponse(decodeResult: success, version: HTTP/1.1)
HTTP/1.1 404 Not Found
Content-Length: 982
Content-Type: application/json; charset=utf-8
cache-control: no-cache

[DEBUG] Adding key: http://localhost:7939 for channel [id: 0x30ad4d68, L:/127.0.0.1:57531 - R:localhost/127.0.0.1:7939]
[DEBUG] Entry count for : http://localhost:57532 : 1
[DEBUG] Entry count for : http://localhost:7939 : 1
[DEBUG] Using pooled Channel '[id: 0x30ad4d68, L:/127.0.0.1:57531 - R:localhost/127.0.0.1:7939]' for 'POST' to 'http://localhost:7939/session/c016d65bec9642c7a51801d4071ec3f3/element'
[DEBUG] Using open Channel [id: 0x30ad4d68, L:/127.0.0.1:57531 - R:localhost/127.0.0.1:7939] for POST '/session/c016d65bec9642c7a51801d4071ec3f3/element'
[DEBUG] 

Request DefaultHttpRequest(decodeResult: success, version: HTTP/1.1)
POST /session/c016d65bec9642c7a51801d4071ec3f3/element HTTP/1.1
User-Agent: selenium/4.9.0 (java windows)
Content-Length: 71
Content-Type: application/json; charset=utf-8
host: localhost:7939
accept: */*

Response DefaultHttpResponse(decodeResult: success, version: HTTP/1.1)
HTTP/1.1 404 Not Found
Content-Length: 982
Content-Type: application/json; charset=utf-8
cache-control: no-cache

[DEBUG] Adding key: http://localhost:7939 for channel [id: 0x30ad4d68, L:/127.0.0.1:57531 - R:localhost/127.0.0.1:7939]
[DEBUG] Using pooled Channel '[id: 0x30ad4d68, L:/127.0.0.1:57531 - R:localhost/127.0.0.1:7939]' for 'POST' to 'http://localhost:7939/session/c016d65bec9642c7a51801d4071ec3f3/element'
[DEBUG] Using open Channel [id: 0x30ad4d68, L:/127.0.0.1:57531 - R:localhost/127.0.0.1:7939] for POST '/session/c016d65bec9642c7a51801d4071ec3f3/element'
[DEBUG] 

Request DefaultHttpRequest(decodeResult: success, version: HTTP/1.1)
POST /session/c016d65bec9642c7a51801d4071ec3f3/element HTTP/1.1
User-Agent: selenium/4.9.0 (java windows)
Content-Length: 71
Content-Type: application/json; charset=utf-8
host: localhost:7939
accept: */*

Response DefaultHttpResponse(decodeResult: success, version: HTTP/1.1)
HTTP/1.1 404 Not Found
Content-Length: 982
Content-Type: application/json; charset=utf-8
cache-control: no-cache

[DEBUG] Adding key: http://localhost:7939 for channel [id: 0x30ad4d68, L:/127.0.0.1:57531 - R:localhost/127.0.0.1:7939]
[DEBUG] Entry count for : http://localhost:57532 : 1
[...]
Content-Type: application/json; charset=utf-8
cache-control: no-cache

[DEBUG] Adding key: http://localhost:7939 for channel [id: 0x30ad4d68, L:/127.0.0.1:57531 - R:localhost/127.0.0.1:7939]
[DEBUG] Using pooled Channel '[id: 0x30ad4d68, L:/127.0.0.1:57531 - R:localhost/127.0.0.1:7939]' for 'POST' to 'http://localhost:7939/session/c016d65bec9642c7a51801d4071ec3f3/element'
[DEBUG] Using open Channel [id: 0x30ad4d68, L:/127.0.0.1:57531 - R:localhost/127.0.0.1:7939] for POST '/session/c016d65bec9642c7a51801d4071ec3f3/element'
[DEBUG] 

Request DefaultHttpRequest(decodeResult: success, version: HTTP/1.1)
POST /session/c016d65bec9642c7a51801d4071ec3f3/element HTTP/1.1
User-Agent: selenium/4.9.0 (java windows)
Content-Length: 71
Content-Type: application/json; charset=utf-8
host: localhost:7939
accept: */*

Response DefaultHttpResponse(decodeResult: success, version: HTTP/1.1)
HTTP/1.1 404 Not Found
Content-Length: 982
Content-Type: application/json; charset=utf-8
cache-control: no-cache

[DEBUG] Adding key: http://localhost:7939 for channel [id: 0x30ad4d68, L:/127.0.0.1:57531 - R:localhost/127.0.0.1:7939]
[DEBUG] Entry count for : http://localhost:57532 : 1
[DEBUG] Entry count for : http://localhost:7939 : 1
[DEBUG] Adding Candidate expired Channel [id: 0xfe942b0b, L:/127.0.0.1:57539 - R:localhost/127.0.0.1:57532] isIdleTimeoutExpired=true isRemotelyClosed=false isTtlExpired=false
[DEBUG] Closing Idle Channel [id: 0xfe942b0b, L:/127.0.0.1:57539 - R:localhost/127.0.0.1:57532]
[DEBUG] Closed 1 connections out of 2 in 16 ms
[DEBUG] Channel Closed: [id: 0xfe942b0b, L:/127.0.0.1:57539 ! R:localhost/127.0.0.1:57532] with attribute DISCARD
[DEBUG] Using pooled Channel '[id: 0x30ad4d68, L:/127.0.0.1:57531 - R:localhost/127.0.0.1:7939]' for 'POST' to 'http://localhost:7939/session/c016d65bec9642c7a51801d4071ec3f3/element'
[DEBUG] Using open Channel [id: 0x30ad4d68, L:/127.0.0.1:57531 - R:localhost/127.0.0.1:7939] for POST '/session/c016d65bec9642c7a51801d4071ec3f3/element'
[DEBUG] 

Request DefaultHttpRequest(decodeResult: success, version: HTTP/1.1)
POST /session/c016d65bec9642c7a51801d4071ec3f3/element HTTP/1.1
User-Agent: selenium/4.9.0 (java windows)
Content-Length: 71
Content-Type: application/json; charset=utf-8
host: localhost:7939
accept: */*

Response DefaultHttpResponse(decodeResult: success, version: HTTP/1.1)
HTTP/1.1 404 Not Found
Content-Length: 982
Content-Type: application/json; charset=utf-8
cache-control: no-cache

[DEBUG] Adding key: http://localhost:7939 for channel [id: 0x30ad4d68, L:/127.0.0.1:57531 - R:localhost/127.0.0.1:7939]
[DEBUG] Using pooled Channel '[id: 0x30ad4d68, L:/127.0.0.1:57531 - R:localhost/127.0.0.1:7939]' for 'POST' to 'http://localhost:7939/session/c016d65bec9642c7a51801d4071ec3f3/element'
[DEBUG] Using open Channel [id: 0x30ad4d68, L:/127.0.0.1:57531 - R:localhost/127.0.0.1:7939] for POST '/session/c016d65bec9642c7a51801d4071ec3f3/element'
[DEBUG] 

Request DefaultHttpRequest(decodeResult: success, version: HTTP/1.1)
POST /session/c016d65bec9642c7a51801d4071ec3f3/element HTTP/1.1
User-Agent: selenium/4.9.0 (java windows)
Content-Length: 71
Content-Type: application/json; charset=utf-8
host: localhost:7939
accept: */*

Response DefaultHttpResponse(decodeResult: success, version: HTTP/1.1)
HTTP/1.1 404 Not Found
Content-Length: 982
Content-Type: application/json; charset=utf-8
cache-control: no-cache

[DEBUG] Adding key: http://localhost:7939 for channel [id: 0x30ad4d68, L:/127.0.0.1:57531 - R:localhost/127.0.0.1:7939]
[DEBUG] Entry count for : http://localhost:7939 : 1
[DEBUG] Using pooled Channel '[id: 0x30ad4d68, L:/127.0.0.1:57531 - R:localhost/127.0.0.1:7939]' for 'POST' to 'http://localhost:7939/session/c016d65bec9642c7a51801d4071ec3f3/element'
[DEBUG] Using open Channel [id: 0x30ad4d68, L:/127.0.0.1:57531 - R:localhost/127.0.0.1:7939] for POST '/session/c016d65bec9642c7a51801d4071ec3f3/element'
[DEBUG] 

Request DefaultHttpRequest(decodeResult: success, version: HTTP/1.1)
POST /session/c016d65bec9642c7a51801d4071ec3f3/element HTTP/1.1
User-Agent: selenium/4.9.0 (java windows)
Content-Length: 71
Content-Type: application/json; charset=utf-8
host: localhost:7939
accept: */*

Response DefaultHttpResponse(decodeResult: success, version: HTTP/1.1)
HTTP/1.1 404 Not Found
Content-Length: 982
Content-Type: application/json; charset=utf-8
cache-control: no-cache

[DEBUG] Adding key: http://localhost:7939 for channel [id: 0x30ad4d68, L:/127.0.0.1:57531 - R:localhost/127.0.0.1:7939]
[DEBUG] Using pooled Channel '[id: 0x30ad4d68, L:/127.0.0.1:57531 - R:localhost/127.0.0.1:7939]' for 'POST' to 'http://localhost:7939/session/c016d65bec9642c7a51801d4071ec3f3/element'
[DEBUG] Using open Channel [id: 0x30ad4d68, L:/127.0.0.1:57531 - R:localhost/127.0.0.1:7939] for POST '/session/c016d65bec9642c7a51801d4071ec3f3/element'
[DEBUG] 

Request DefaultHttpRequest(decodeResult: success, version: HTTP/1.1)
POST /session/c016d65bec9642c7a51801d4071ec3f3/element HTTP/1.1
User-Agent: selenium/4.9.0 (java windows)
Content-Length: 71
Content-Type: application/json; charset=utf-8
host: localhost:7939
accept: */*

Response DefaultHttpResponse(decodeResult: success, version: HTTP/1.1)
HTTP/1.1 404 Not Found
Content-Length: 982
Content-Type: application/json; charset=utf-8
cache-control: no-cache

[DEBUG] Adding key: http://localhost:7939 for channel [id: 0x30ad4d68, L:/127.0.0.1:57531 - R:localhost/127.0.0.1:7939]
[DEBUG] Entry count for : http://localhost:7939 : 1
[DEBUG] Using pooled Channel '[id: 0x30ad4d68, L:/127.0.0.1:57531 - R:localhost/127.0.0.1:7939]' for 'POST' to 'http://localhost:7939/session/c016d65bec9642c7a51801d4071ec3f3/element'
[DEBUG] Using open Channel [id: 0x30ad4d68, L:/127.0.0.1:57531 - R:localhost/127.0.0.1:7939] for POST '/session/c016d65bec9642c7a51801d4071ec3f3/element'
[DEBUG] 

Request DefaultHttpRequest(decodeResult: success, version: HTTP/1.1)
POST /session/c016d65bec9642c7a51801d4071ec3f3/element HTTP/1.1
User-Agent: selenium/4.9.0 (java windows)
Content-Length: 71
Content-Type: application/json; charset=utf-8
host: localhost:7939
accept: */*

Response DefaultHttpResponse(decodeResult: success, version: HTTP/1.1)
HTTP/1.1 404 Not Found
Content-Length: 982
Content-Type: application/json; charset=utf-8
cache-control: no-cache

[DEBUG] Adding key: http://localhost:7939 for channel [id: 0x30ad4d68, L:/127.0.0.1:57531 - R:localhost/127.0.0.1:7939]
[DEBUG] Using pooled Channel '[id: 0x30ad4d68, L:/127.0.0.1:57531 - R:localhost/127.0.0.1:7939]' for 'POST' to 'http://localhost:7939/session/c016d65bec9642c7a51801d4071ec3f3/element'
[DEBUG] Using open Channel [id: 0x30ad4d68, L:/127.0.0.1:57531 - R:localhost/127.0.0.1:7939] for POST '/session/c016d65bec9642c7a51801d4071ec3f3/element'
[DEBUG] 

Request DefaultHttpRequest(decodeResult: success, version: HTTP/1.1)
POST /session/c016d65bec9642c7a51801d4071ec3f3/element HTTP/1.1
User-Agent: selenium/4.9.0 (java windows)
Content-Length: 71
Content-Type: application/json; charset=utf-8
host: localhost:7939
accept: */*

Response DefaultHttpResponse(decodeResult: success, version: HTTP/1.1)
HTTP/1.1 404 Not Found
Content-Length: 982
Content-Type: application/json; charset=utf-8
cache-control: no-cache

[DEBUG] Adding key: http://localhost:7939 for channel [id: 0x30ad4d68, L:/127.0.0.1:57531 - R:localhost/127.0.0.1:7939]
[DEBUG] Entry count for : http://localhost:7939 : 1
[DEBUG] Using pooled Channel '[id: 0x30ad4d68, L:/127.0.0.1:57531 - R:localhost/127.0.0.1:7939]' for 'POST' to 'http://localhost:7939/session/c016d65bec9642c7a51801d4071ec3f3/element'
[DEBUG] Using open Channel [id: 0x30ad4d68, L:/127.0.0.1:57531 - R:localhost/127.0.0.1:7939] for POST '/session/c016d65bec9642c7a51801d4071ec3f3/element'
[DEBUG] 

Request DefaultHttpRequest(decodeResult: success, version: HTTP/1.1)
POST /session/c016d65bec9642c7a51801d4071ec3f3/element HTTP/1.1
User-Agent: selenium/4.9.0 (java windows)
Content-Length: 71
Content-Type: application/json; charset=utf-8
host: localhost:7939
accept: */*

Response DefaultHttpResponse(decodeResult: success, version: HTTP/1.1)
HTTP/1.1 404 Not Found
Content-Length: 982
Content-Type: application/json; charset=utf-8
cache-control: no-cache

[DEBUG] Adding key: http://localhost:7939 for channel [id: 0x30ad4d68, L:/127.0.0.1:57531 - R:localhost/127.0.0.1:7939]
[DEBUG] Using pooled Channel '[id: 0x30ad4d68, L:/127.0.0.1:57531 - R:localhost/127.0.0.1:7939]' for 'POST' to 'http://localhost:7939/session/c016d65bec9642c7a51801d4071ec3f3/element'
[DEBUG] Using open Channel [id: 0x30ad4d68, L:/127.0.0.1:57531 - R:localhost/127.0.0.1:7939] for POST '/session/c016d65bec9642c7a51801d4071ec3f3/element'
[DEBUG] 

Request DefaultHttpRequest(decodeResult: success, version: HTTP/1.1)
POST /session/c016d65bec9642c7a51801d4071ec3f3/element HTTP/1.1
User-Agent: selenium/4.9.0 (java windows)
Content-Length: 71
Content-Type: application/json; charset=utf-8
host: localhost:7939
accept: */*

Response DefaultHttpResponse(decodeResult: success, version: HTTP/1.1)
HTTP/1.1 404 Not Found
Content-Length: 982
Content-Type: application/json; charset=utf-8
cache-control: no-cache

[DEBUG] Adding key: http://localhost:7939 for channel [id: 0x30ad4d68, L:/127.0.0.1:57531 - R:localhost/127.0.0.1:7939]
[DEBUG] Entry count for : http://localhost:7939 : 1
[DEBUG] Using pooled Channel '[id: 0x30ad4d68, L:/127.0.0.1:57531 - R:localhost/127.0.0.1:7939]' for 'POST' to 'http://localhost:7939/session/c016d65bec9642c7a51801d4071ec3f3/element'
[DEBUG] Using open Channel [id: 0x30ad4d68, L:/127.0.0.1:57531 - R:localhost/127.0.0.1:7939] for POST '/session/c016d65bec9642c7a51801d4071ec3f3/element'
[DEBUG] 

Request DefaultHttpRequest(decodeResult: success, version: HTTP/1.1)
POST /session/c016d65bec9642c7a51801d4071ec3f3/element HTTP/1.1
User-Agent: selenium/4.9.0 (java windows)
Content-Length: 71
Content-Type: application/json; charset=utf-8
host: localhost:7939
accept: */*

Response DefaultHttpResponse(decodeResult: success, version: HTTP/1.1)
HTTP/1.1 404 Not Found
Content-Length: 982
Content-Type: application/json; charset=utf-8
cache-control: no-cache

[DEBUG] Adding key: http://localhost:7939 for channel [id: 0x30ad4d68, L:/127.0.0.1:57531 - R:localhost/127.0.0.1:7939]
[DEBUG] Using pooled Channel '[id: 0x30ad4d68, L:/127.0.0.1:57531 - R:localhost/127.0.0.1:7939]' for 'POST' to 'http://localhost:7939/session/c016d65bec9642c7a51801d4071ec3f3/element'
[DEBUG] Using open Channel [id: 0x30ad4d68, L:/127.0.0.1:57531 - R:localhost/127.0.0.1:7939] for POST '/session/c016d65bec9642c7a51801d4071ec3f3/element'
[DEBUG] 

Request DefaultHttpRequest(decodeResult: success, version: HTTP/1.1)
POST /session/c016d65bec9642c7a51801d4071ec3f3/element HTTP/1.1
User-Agent: selenium/4.9.0 (java windows)
Content-Length: 71
Content-Type: application/json; charset=utf-8
host: localhost:7939
accept: */*

Response DefaultHttpResponse(decodeResult: success, version: HTTP/1.1)
HTTP/1.1 404 Not Found
Content-Length: 982
Content-Type: application/json; charset=utf-8
cache-control: no-cache

[DEBUG] Adding key: http://localhost:7939 for channel [id: 0x30ad4d68, L:/127.0.0.1:57531 - R:localhost/127.0.0.1:7939]
[DEBUG] Entry count for : http://localhost:7939 : 1
[DEBUG] Using pooled Channel '[id: 0x30ad4d68, L:/127.0.0.1:57531 - R:localhost/127.0.0.1:7939]' for 'POST' to 'http://localhost:7939/session/c016d65bec9642c7a51801d4071ec3f3/element'
[DEBUG] Using open Channel [id: 0x30ad4d68, L:/127.0.0.1:57531 - R:localhost/127.0.0.1:7939] for POST '/session/c016d65bec9642c7a51801d4071ec3f3/element'
[DEBUG] 

Request DefaultHttpRequest(decodeResult: success, version: HTTP/1.1)
POST /session/c016d65bec9642c7a51801d4071ec3f3/element HTTP/1.1
User-Agent: selenium/4.9.0 (java windows)
Content-Length: 71
Content-Type: application/json; charset=utf-8
host: localhost:7939
accept: */*

Response DefaultHttpResponse(decodeResult: success, version: HTTP/1.1)
HTTP/1.1 404 Not Found
Content-Length: 982
Content-Type: application/json; charset=utf-8
cache-control: no-cache

[DEBUG] Adding key: http://localhost:7939 for channel [id: 0x30ad4d68, L:/127.0.0.1:57531 - R:localhost/127.0.0.1:7939]
[DEBUG] Using pooled Channel '[id: 0x30ad4d68, L:/127.0.0.1:57531 - R:localhost/127.0.0.1:7939]' for 'POST' to 'http://localhost:7939/session/c016d65bec9642c7a51801d4071ec3f3/element'
[DEBUG] Using open Channel [id: 0x30ad4d68, L:/127.0.0.1:57531 - R:localhost/127.0.0.1:7939] for POST '/session/c016d65bec9642c7a51801d4071ec3f3/element'
[DEBUG] 

Request DefaultHttpRequest(decodeResult: success, version: HTTP/1.1)
POST /session/c016d65bec9642c7a51801d4071ec3f3/element HTTP/1.1
User-Agent: selenium/4.9.0 (java windows)
Content-Length: 71
Content-Type: application/json; charset=utf-8
host: localhost:7939
accept: */*

Response DefaultHttpResponse(decodeResult: success, version: HTTP/1.1)
HTTP/1.1 404 Not Found
Content-Length: 982
Content-Type: application/json; charset=utf-8
cache-control: no-cache

[DEBUG] Adding key: http://localhost:7939 for channel [id: 0x30ad4d68, L:/127.0.0.1:57531 - R:localhost/127.0.0.1:7939]
[DEBUG] Entry count for : http://localhost:7939 : 1
[DEBUG] Using pooled Channel '[id: 0x30ad4d68, L:/127.0.0.1:57531 - R:localhost/127.0.0.1:7939]' for 'POST' to 'http://localhost:7939/session/c016d65bec9642c7a51801d4071ec3f3/element'
[DEBUG] Using open Channel [id: 0x30ad4d68, L:/127.0.0.1:57531 - R:localhost/127.0.0.1:7939] for POST '/session/c016d65bec9642c7a51801d4071ec3f3/element'
[DEBUG] 

Request DefaultHttpRequest(decodeResult: success, version: HTTP/1.1)
POST /session/c016d65bec9642c7a51801d4071ec3f3/element HTTP/1.1
User-Agent: selenium/4.9.0 (java windows)
Content-Length: 71
Content-Type: application/json; charset=utf-8
host: localhost:7939
accept: */*

Response DefaultHttpResponse(decodeResult: success, version: HTTP/1.1)
HTTP/1.1 404 Not Found
Content-Length: 982
Content-Type: application/json; charset=utf-8
cache-control: no-cache

[DEBUG] Adding key: http://localhost:7939 for channel [id: 0x30ad4d68, L:/127.0.0.1:57531 - R:localhost/127.0.0.1:7939]
[DEBUG] Using pooled Channel '[id: 0x30ad4d68, L:/127.0.0.1:57531 - R:localhost/127.0.0.1:7939]' for 'POST' to 'http://localhost:7939/session/c016d65bec9642c7a51801d4071ec3f3/element'
[DEBUG] Using open Channel [id: 0x30ad4d68, L:/127.0.0.1:57531 - R:localhost/127.0.0.1:7939] for POST '/session/c016d65bec9642c7a51801d4071ec3f3/element'
[DEBUG] 

Request DefaultHttpRequest(decodeResult: success, version: HTTP/1.1)
POST /session/c016d65bec9642c7a51801d4071ec3f3/element HTTP/1.1
User-Agent: selenium/4.9.0 (java windows)
Content-Length: 71
Content-Type: application/json; charset=utf-8
host: localhost:7939
accept: */*

Response DefaultHttpResponse(decodeResult: success, version: HTTP/1.1)
HTTP/1.1 404 Not Found
Content-Length: 982
Content-Type: application/json; charset=utf-8
cache-control: no-cache

[DEBUG] Adding key: http://localhost:7939 for channel [id: 0x30ad4d68, L:/127.0.0.1:57531 - R:localhost/127.0.0.1:7939]
[DEBUG] Entry count for : http://localhost:7939 : 1
[DEBUG] Using pooled Channel '[id: 0x30ad4d68, L:/127.0.0.1:57531 - R:localhost/127.0.0.1:7939]' for 'POST' to 'http://localhost:7939/session/c016d65bec9642c7a51801d4071ec3f3/element'
[DEBUG] Using open Channel [id: 0x30ad4d68, L:/127.0.0.1:57531 - R:localhost/127.0.0.1:7939] for POST '/session/c016d65bec9642c7a51801d4071ec3f3/element'
[DEBUG] 

Request DefaultHttpRequest(decodeResult: success, version: HTTP/1.1)
POST /session/c016d65bec9642c7a51801d4071ec3f3/element HTTP/1.1
User-Agent: selenium/4.9.0 (java windows)
Content-Length: 71
Content-Type: application/json; charset=utf-8
host: localhost:7939
accept: */*

Response DefaultHttpResponse(decodeResult: success, version: HTTP/1.1)
HTTP/1.1 404 Not Found
Content-Length: 892
Content-Type: application/json; charset=utf-8
cache-control: no-cache

[DEBUG] Adding key: http://localhost:7939 for channel [id: 0x30ad4d68, L:/127.0.0.1:57531 - R:localhost/127.0.0.1:7939]
[DEBUG] Channel Closed: [id: 0x79e97cea, L:/127.0.0.1:57540 ! R:localhost/127.0.0.1:57532] with attribute NettyResponseFuture{currentRetry=0,
	isDone=1,
	isCancelled=0,
	asyncHandler=org.asynchttpclient.ws.WebSocketUpgradeHandler@344b3464,
	nettyRequest=org.asynchttpclient.netty.request.NettyRequest@3f640d1f,
	future=java.util.concurrent.CompletableFuture@a392984[Completed normally],
	uri=ws://localhost:57532/devtools/browser/8c1cec7e-1101-478e-aee1-e87d2d79bcc2,
	keepAlive=true,
	redirectCount=0,
	timeoutsHolder=null,
	inAuth=0,
	touch=1689340855369}
[DEBUG] Closing Channel [id: 0x79e97cea, L:/127.0.0.1:57540 ! R:localhost/127.0.0.1:57532] 
[DEBUG] Using pooled Channel '[id: 0x30ad4d68, L:/127.0.0.1:57531 - R:localhost/127.0.0.1:7939]' for 'POST' to 'http://localhost:7939/session/c016d65bec9642c7a51801d4071ec3f3/element'
[DEBUG] Using open Channel [id: 0x30ad4d68, L:/127.0.0.1:57531 - R:localhost/127.0.0.1:7939] for POST '/session/c016d65bec9642c7a51801d4071ec3f3/element'
[DEBUG] 

Request DefaultHttpRequest(decodeResult: success, version: HTTP/1.1)
POST /session/c016d65bec9642c7a51801d4071ec3f3/element HTTP/1.1
User-Agent: selenium/4.9.0 (java windows)
Content-Length: 71
Content-Type: application/json; charset=utf-8
host: localhost:7939
accept: */*

Response DefaultHttpResponse(decodeResult: success, version: HTTP/1.1)
HTTP/1.1 404 Not Found
Content-Length: 892
Content-Type: application/json; charset=utf-8
cache-control: no-cache

[DEBUG] Adding key: http://localhost:7939 for channel [id: 0x30ad4d68, L:/127.0.0.1:57531 - R:localhost/127.0.0.1:7939]
[DEBUG] Using pooled Channel '[id: 0x30ad4d68, L:/127.0.0.1:57531 - R:localhost/127.0.0.1:7939]' for 'POST' to 'http://localhost:7939/session/c016d65bec9642c7a51801d4071ec3f3/element'
[DEBUG] Using open Channel [id: 0x30ad4d68, L:/127.0.0.1:57531 - R:localhost/127.0.0.1:7939] for POST '/session/c016d65bec9642c7a51801d4071ec3f3/element'
[DEBUG] 

Request DefaultHttpRequest(decodeResult: success, version: HTTP/1.1)
POST /session/c016d65bec9642c7a51801d4071ec3f3/element HTTP/1.1
User-Agent: selenium/4.9.0 (java windows)
Content-Length: 71
Content-Type: application/json; charset=utf-8
host: localhost:7939
accept: */*

Response DefaultHttpResponse(decodeResult: success, version: HTTP/1.1)
HTTP/1.1 404 Not Found
Content-Length: 892
Content-Type: application/json; charset=utf-8
cache-control: no-cache

[DEBUG] Adding key: http://localhost:7939 for channel [id: 0x30ad4d68, L:/127.0.0.1:57531 - R:localhost/127.0.0.1:7939]
[DEBUG] Using pooled Channel '[id: 0x30ad4d68, L:/127.0.0.1:57531 - R:localhost/127.0.0.1:7939]' for 'GET' to 'http://localhost:7939/session/c016d65bec9642c7a51801d4071ec3f3/screenshot'
[DEBUG] Using open Channel [id: 0x30ad4d68, L:/127.0.0.1:57531 - R:localhost/127.0.0.1:7939] for GET '/session/c016d65bec9642c7a51801d4071ec3f3/screenshot'
[DEBUG] 

Request DefaultFullHttpRequest(decodeResult: success, version: HTTP/1.1, content: EmptyByteBufBE)
GET /session/c016d65bec9642c7a51801d4071ec3f3/screenshot HTTP/1.1
User-Agent: selenium/4.9.0 (java windows)
Cache-Control: no-cache
Content-Type: application/json; charset=utf-8
host: localhost:7939
accept: */*

Response DefaultHttpResponse(decodeResult: success, version: HTTP/1.1)
HTTP/1.1 404 Not Found
Content-Length: 892
Content-Type: application/json; charset=utf-8
cache-control: no-cache

[DEBUG] Adding key: http://localhost:7939 for channel [id: 0x30ad4d68, L:/127.0.0.1:57531 - R:localhost/127.0.0.1:7939]
]]></system-out>
    <system-err><![CDATA[Starting ChromeDriver 114.0.5735.90 (386bc09e8f4f2e025eddae123f36f6263096ae49-refs/branch-heads/5735@{#1052}) on port 7939
Only local connections are allowed.
Please see https://chromedriver.chromium.org/security-considerations for suggestions on keeping ChromeDriver safe.
ChromeDriver was started successfully.
Jul 14, 2023 6:50:55 PM org.openqa.selenium.devtools.CdpVersionFinder findNearestMatch
WARNING: Unable to find an exact match for CDP version 114, so returning the closest version found: 112
]]></system-err>
  </testcase>
</testsuite>